TN:
SF:src/App.js
FN:73,(anonymous_0)
FN:76,(anonymous_1)
FN:77,(anonymous_2)
FN:78,(anonymous_3)
FN:79,(anonymous_4)
FN:80,(anonymous_5)
FN:81,(anonymous_6)
FN:82,(anonymous_7)
FN:83,(anonymous_8)
FN:84,(anonymous_9)
FN:85,(anonymous_10)
FN:86,(anonymous_11)
FN:87,(anonymous_12)
FN:88,(anonymous_13)
FN:89,(anonymous_14)
FN:90,(anonymous_15)
FN:91,(anonymous_16)
FN:92,(anonymous_17)
FN:93,(anonymous_18)
FN:94,(anonymous_19)
FN:95,(anonymous_20)
FN:96,(anonymous_21)
FN:97,(anonymous_22)
FN:98,(anonymous_23)
FN:98,(anonymous_24)
FN:99,(anonymous_25)
FN:99,(anonymous_26)
FN:100,(anonymous_27)
FN:100,(anonymous_28)
FN:101,(anonymous_29)
FN:102,(anonymous_30)
FN:103,(anonymous_31)
FN:104,(anonymous_32)
FN:105,(anonymous_33)
FN:106,(anonymous_34)
FN:107,(anonymous_35)
FN:108,(anonymous_36)
FN:109,(anonymous_37)
FN:110,(anonymous_38)
FN:111,(anonymous_39)
FN:112,(anonymous_40)
FN:113,(anonymous_41)
FN:114,(anonymous_42)
FN:115,(anonymous_43)
FN:116,(anonymous_44)
FN:117,(anonymous_45)
FN:118,(anonymous_46)
FN:119,(anonymous_47)
FN:120,(anonymous_48)
FN:121,(anonymous_49)
FN:122,(anonymous_50)
FN:123,(anonymous_51)
FN:124,(anonymous_52)
FN:125,(anonymous_53)
FN:127,(anonymous_54)
FN:134,(anonymous_55)
FN:136,(anonymous_56)
FN:142,(anonymous_57)
FN:154,App
FN:178,(anonymous_59)
FN:219,(anonymous_60)
FN:227,(anonymous_61)
FN:244,(anonymous_62)
FN:246,(anonymous_63)
FN:250,(anonymous_64)
FN:255,(anonymous_65)
FN:261,(anonymous_66)
FN:266,(anonymous_67)
FN:270,(anonymous_68)
FN:274,(anonymous_69)
FN:277,(anonymous_70)
FN:281,(anonymous_71)
FN:282,(anonymous_72)
FN:285,(anonymous_73)
FN:295,(anonymous_74)
FN:304,(anonymous_75)
FN:316,(anonymous_76)
FN:318,(anonymous_77)
FN:321,(anonymous_78)
FN:326,(anonymous_79)
FN:331,(anonymous_80)
FN:340,(anonymous_81)
FN:356,(anonymous_82)
FN:361,(anonymous_83)
FN:362,(anonymous_84)
FN:368,(anonymous_85)
FN:371,(anonymous_86)
FN:372,(anonymous_87)
FN:374,(anonymous_88)
FN:377,(anonymous_89)
FN:378,(anonymous_90)
FN:382,(anonymous_91)
FN:385,(anonymous_92)
FN:386,(anonymous_93)
FN:387,(anonymous_94)
FN:388,(anonymous_95)
FN:394,(anonymous_96)
FN:402,(anonymous_97)
FN:410,(anonymous_98)
FN:554,(anonymous_99)
FN:555,(anonymous_100)
FN:562,(anonymous_101)
FN:565,(anonymous_102)
FN:566,(anonymous_103)
FN:573,(anonymous_104)
FN:582,(anonymous_105)
FN:606,(anonymous_106)
FN:614,(anonymous_107)
FN:630,(anonymous_108)
FN:646,(anonymous_109)
FN:662,(anonymous_110)
FN:678,(anonymous_111)
FN:694,(anonymous_112)
FN:710,(anonymous_113)
FN:726,(anonymous_114)
FN:742,(anonymous_115)
FN:752,(anonymous_116)
FN:768,(anonymous_117)
FN:872,(anonymous_118)
FN:914,(anonymous_119)
FN:940,(anonymous_120)
FN:959,(anonymous_121)
FN:980,(anonymous_122)
FN:985,(anonymous_123)
FN:1000,(anonymous_124)
FN:1018,(anonymous_125)
FN:1115,(anonymous_126)
FN:1168,(anonymous_127)
FN:1200,(anonymous_128)
FN:1215,(anonymous_129)
FN:1243,(anonymous_130)
FN:1303,(anonymous_131)
FN:1397,(anonymous_132)
FNF:133
FNH:0
FNDA:0,(anonymous_0)
FNDA:0,(anonymous_1)
FNDA:0,(anonymous_2)
FNDA:0,(anonymous_3)
FNDA:0,(anonymous_4)
FNDA:0,(anonymous_5)
FNDA:0,(anonymous_6)
FNDA:0,(anonymous_7)
FNDA:0,(anonymous_8)
FNDA:0,(anonymous_9)
FNDA:0,(anonymous_10)
FNDA:0,(anonymous_11)
FNDA:0,(anonymous_12)
FNDA:0,(anonymous_13)
FNDA:0,(anonymous_14)
FNDA:0,(anonymous_15)
FNDA:0,(anonymous_16)
FNDA:0,(anonymous_17)
FNDA:0,(anonymous_18)
FNDA:0,(anonymous_19)
FNDA:0,(anonymous_20)
FNDA:0,(anonymous_21)
FNDA:0,(anonymous_22)
FNDA:0,(anonymous_23)
FNDA:0,(anonymous_24)
FNDA:0,(anonymous_25)
FNDA:0,(anonymous_26)
FNDA:0,(anonymous_27)
FNDA:0,(anonymous_28)
FNDA:0,(anonymous_29)
FNDA:0,(anonymous_30)
FNDA:0,(anonymous_31)
FNDA:0,(anonymous_32)
FNDA:0,(anonymous_33)
FNDA:0,(anonymous_34)
FNDA:0,(anonymous_35)
FNDA:0,(anonymous_36)
FNDA:0,(anonymous_37)
FNDA:0,(anonymous_38)
FNDA:0,(anonymous_39)
FNDA:0,(anonymous_40)
FNDA:0,(anonymous_41)
FNDA:0,(anonymous_42)
FNDA:0,(anonymous_43)
FNDA:0,(anonymous_44)
FNDA:0,(anonymous_45)
FNDA:0,(anonymous_46)
FNDA:0,(anonymous_47)
FNDA:0,(anonymous_48)
FNDA:0,(anonymous_49)
FNDA:0,(anonymous_50)
FNDA:0,(anonymous_51)
FNDA:0,(anonymous_52)
FNDA:0,(anonymous_53)
FNDA:0,(anonymous_54)
FNDA:0,(anonymous_55)
FNDA:0,(anonymous_56)
FNDA:0,(anonymous_57)
FNDA:0,App
FNDA:0,(anonymous_59)
FNDA:0,(anonymous_60)
FNDA:0,(anonymous_61)
FNDA:0,(anonymous_62)
FNDA:0,(anonymous_63)
FNDA:0,(anonymous_64)
FNDA:0,(anonymous_65)
FNDA:0,(anonymous_66)
FNDA:0,(anonymous_67)
FNDA:0,(anonymous_68)
FNDA:0,(anonymous_69)
FNDA:0,(anonymous_70)
FNDA:0,(anonymous_71)
FNDA:0,(anonymous_72)
FNDA:0,(anonymous_73)
FNDA:0,(anonymous_74)
FNDA:0,(anonymous_75)
FNDA:0,(anonymous_76)
FNDA:0,(anonymous_77)
FNDA:0,(anonymous_78)
FNDA:0,(anonymous_79)
FNDA:0,(anonymous_80)
FNDA:0,(anonymous_81)
FNDA:0,(anonymous_82)
FNDA:0,(anonymous_83)
FNDA:0,(anonymous_84)
FNDA:0,(anonymous_85)
FNDA:0,(anonymous_86)
FNDA:0,(anonymous_87)
FNDA:0,(anonymous_88)
FNDA:0,(anonymous_89)
FNDA:0,(anonymous_90)
FNDA:0,(anonymous_91)
FNDA:0,(anonymous_92)
FNDA:0,(anonymous_93)
FNDA:0,(anonymous_94)
FNDA:0,(anonymous_95)
FNDA:0,(anonymous_96)
FNDA:0,(anonymous_97)
FNDA:0,(anonymous_98)
FNDA:0,(anonymous_99)
FNDA:0,(anonymous_100)
FNDA:0,(anonymous_101)
FNDA:0,(anonymous_102)
FNDA:0,(anonymous_103)
FNDA:0,(anonymous_104)
FNDA:0,(anonymous_105)
FNDA:0,(anonymous_106)
FNDA:0,(anonymous_107)
FNDA:0,(anonymous_108)
FNDA:0,(anonymous_109)
FNDA:0,(anonymous_110)
FNDA:0,(anonymous_111)
FNDA:0,(anonymous_112)
FNDA:0,(anonymous_113)
FNDA:0,(anonymous_114)
FNDA:0,(anonymous_115)
FNDA:0,(anonymous_116)
FNDA:0,(anonymous_117)
FNDA:0,(anonymous_118)
FNDA:0,(anonymous_119)
FNDA:0,(anonymous_120)
FNDA:0,(anonymous_121)
FNDA:0,(anonymous_122)
FNDA:0,(anonymous_123)
FNDA:0,(anonymous_124)
FNDA:0,(anonymous_125)
FNDA:0,(anonymous_126)
FNDA:0,(anonymous_127)
FNDA:0,(anonymous_128)
FNDA:0,(anonymous_129)
FNDA:0,(anonymous_130)
FNDA:0,(anonymous_131)
FNDA:0,(anonymous_132)
DA:73,0
DA:76,0
DA:77,0
DA:78,0
DA:79,0
DA:80,0
DA:81,0
DA:82,0
DA:83,0
DA:84,0
DA:85,0
DA:86,0
DA:87,0
DA:88,0
DA:89,0
DA:90,0
DA:91,0
DA:92,0
DA:93,0
DA:94,0
DA:95,0
DA:96,0
DA:97,0
DA:98,0
DA:99,0
DA:100,0
DA:101,0
DA:102,0
DA:103,0
DA:104,0
DA:105,0
DA:106,0
DA:107,0
DA:108,0
DA:109,0
DA:110,0
DA:111,0
DA:112,0
DA:113,0
DA:114,0
DA:115,0
DA:116,0
DA:117,0
DA:118,0
DA:119,0
DA:120,0
DA:121,0
DA:122,0
DA:123,0
DA:124,0
DA:125,0
DA:127,0
DA:128,0
DA:134,0
DA:135,0
DA:137,0
DA:138,0
DA:142,0
DA:155,0
DA:161,0
DA:164,0
DA:165,0
DA:166,0
DA:167,0
DA:168,0
DA:169,0
DA:170,0
DA:171,0
DA:175,0
DA:176,0
DA:177,0
DA:178,0
DA:179,0
DA:180,0
DA:182,0
DA:184,0
DA:198,0
DA:208,0
DA:219,0
DA:225,0
DA:227,0
DA:228,0
DA:232,0
DA:233,0
DA:240,0
DA:244,0
DA:245,0
DA:246,0
DA:250,0
DA:251,0
DA:252,0
DA:255,0
DA:256,0
DA:257,0
DA:261,0
DA:262,0
DA:263,0
DA:266,0
DA:267,0
DA:268,0
DA:270,0
DA:271,0
DA:273,0
DA:274,0
DA:277,0
DA:278,0
DA:281,0
DA:282,0
DA:285,0
DA:286,0
DA:287,0
DA:289,0
DA:293,0
DA:294,0
DA:295,0
DA:298,0
DA:304,0
DA:305,0
DA:306,0
DA:307,0
DA:309,0
DA:310,0
DA:312,0
DA:316,0
DA:317,0
DA:318,0
DA:321,0
DA:322,0
DA:323,0
DA:324,0
DA:325,0
DA:326,0
DA:328,0
DA:329,0
DA:330,0
DA:331,0
DA:333,0
DA:338,0
DA:340,0
DA:345,0
DA:356,0
DA:361,0
DA:362,0
DA:363,0
DA:364,0
DA:367,0
DA:368,0
DA:371,0
DA:372,0
DA:373,0
DA:374,0
DA:377,0
DA:378,0
DA:379,0
DA:381,0
DA:382,0
DA:385,0
DA:386,0
DA:387,0
DA:388,0
DA:390,0
DA:391,0
DA:392,0
DA:394,0
DA:395,0
DA:396,0
DA:397,0
DA:402,0
DA:403,0
DA:408,0
DA:410,0
DA:554,0
DA:555,0
DA:556,0
DA:557,0
DA:558,0
DA:561,0
DA:562,0
DA:565,0
DA:566,0
DA:567,0
DA:571,0
DA:573,0
DA:574,0
DA:582,0
DA:583,0
DA:599,0
DA:600,0
DA:601,0
DA:602,0
DA:606,0
DA:607,0
DA:609,0
DA:614,0
DA:615,0
DA:630,0
DA:631,0
DA:646,0
DA:647,0
DA:662,0
DA:663,0
DA:678,0
DA:679,0
DA:694,0
DA:695,0
DA:710,0
DA:711,0
DA:726,0
DA:727,0
DA:742,0
DA:743,0
DA:752,0
DA:753,0
DA:768,0
DA:769,0
DA:872,0
DA:914,0
DA:915,0
DA:940,0
DA:941,0
DA:959,0
DA:960,0
DA:980,0
DA:981,0
DA:986,0
DA:988,0
DA:989,0
DA:991,0
DA:1000,0
DA:1001,0
DA:1018,0
DA:1019,0
DA:1115,0
DA:1116,0
DA:1168,0
DA:1169,0
DA:1200,0
DA:1201,0
DA:1215,0
DA:1243,0
DA:1244,0
DA:1303,0
DA:1304,0
DA:1397,0
DA:1398,0
DA:1453,0
DA:1498,0
DA:1501,0
DA:1502,0
DA:1505,0
LF:250
LH:0
BRDA:127,0,0,0
BRDA:134,1,0,0
BRDA:144,2,0,0
BRDA:144,2,1,0
BRDA:175,3,0,0
BRDA:175,3,1,0
BRDA:179,4,0,0
BRDA:179,4,1,0
BRDA:232,5,0,0
BRDA:232,5,1,0
BRDA:267,6,0,0
BRDA:267,6,1,0
BRDA:277,7,0,0
BRDA:286,8,0,0
BRDA:286,8,1,0
BRDA:286,9,0,0
BRDA:286,9,1,0
BRDA:295,10,0,0
BRDA:295,10,1,0
BRDA:306,11,0,0
BRDA:306,11,1,0
BRDA:309,12,0,0
BRDA:309,12,1,0
BRDA:324,13,0,0
BRDA:324,13,1,0
BRDA:363,14,0,0
BRDA:363,14,1,0
BRDA:415,15,0,0
BRDA:415,15,1,0
BRDA:446,16,0,0
BRDA:446,16,1,0
BRDA:468,17,0,0
BRDA:468,17,1,0
BRDA:557,18,0,0
BRDA:557,18,1,0
BRDA:557,19,0,0
BRDA:557,19,1,0
BRDA:566,20,0,0
BRDA:566,20,1,0
BRDA:566,21,0,0
BRDA:566,21,1,0
BRDA:573,22,0,0
BRDA:600,23,0,0
BRDA:600,23,1,0
BRDA:804,24,0,0
BRDA:804,24,1,0
BRDA:866,25,0,0
BRDA:866,25,1,0
BRDA:923,26,0,0
BRDA:923,26,1,0
BRDA:971,27,0,0
BRDA:971,27,1,0
BRDA:988,28,0,0
BRDA:988,28,1,0
BRDA:1071,29,0,0
BRDA:1071,29,1,0
BRDA:1139,30,0,0
BRDA:1139,30,1,0
BRDA:1209,31,0,0
BRDA:1209,31,1,0
BRDA:1252,32,0,0
BRDA:1252,32,1,0
BRDA:1437,33,0,0
BRDA:1437,33,1,0
BRDA:1477,34,0,0
BRDA:1477,34,1,0
BRDA:1498,35,0,0
BRDA:1498,35,1,0
BRDA:1501,36,0,0
BRDA:1501,36,1,0
BRDA:1531,37,0,0
BRDA:1531,37,1,0
BRDA:1532,38,0,0
BRDA:1532,38,1,0
BRDA:1533,39,0,0
BRDA:1533,39,1,0
BRDA:1542,40,0,0
BRDA:1542,40,1,0
BRF:78
BRH:0
end_of_record
TN:
SF:src/AppWrapper.js
FN:16,(anonymous_0)
FN:20,(anonymous_1)
FNF:2
FNH:0
FNDA:0,(anonymous_0)
FNDA:0,(anonymous_1)
DA:16,0
DA:17,0
DA:21,0
LF:3
LH:0
BRF:0
BRH:0
end_of_record
TN:
SF:src/index.js
FN:17,(anonymous_0)
FN:21,(anonymous_1)
FN:31,(anonymous_2)
FN:35,(anonymous_3)
FN:39,(anonymous_4)
FN:43,(anonymous_5)
FN:47,(anonymous_6)
FNF:7
FNH:0
FNDA:0,(anonymous_0)
FNDA:0,(anonymous_1)
FNDA:0,(anonymous_2)
FNDA:0,(anonymous_3)
FNDA:0,(anonymous_4)
FNDA:0,(anonymous_5)
FNDA:0,(anonymous_6)
DA:17,0
DA:18,0
DA:22,0
DA:32,0
DA:33,0
DA:36,0
DA:37,0
DA:40,0
DA:41,0
DA:44,0
DA:45,0
DA:48,0
DA:49,0
DA:62,0
DA:63,0
LF:15
LH:0
BRF:0
BRH:0
end_of_record
TN:
SF:src/theme.js
FN:162,(anonymous_0)
FNF:1
FNH:1
FNDA:2,(anonymous_0)
DA:3,1
DA:88,1
DA:101,1
DA:162,1
DA:163,2
DA:177,1
DA:178,1
LF:7
LH:7
BRDA:162,0,0,0
BRF:1
BRH:0
end_of_record
TN:
SF:src/automation/components/ExecutionTab.js
FN:37,(anonymous_0)
FN:38,(anonymous_1)
FN:48,(anonymous_2)
FN:81,(anonymous_3)
FN:121,(anonymous_4)
FN:133,(anonymous_5)
FN:148,(anonymous_6)
FN:187,(anonymous_7)
FN:201,(anonymous_8)
FN:214,(anonymous_9)
FN:253,(anonymous_10)
FN:265,(anonymous_11)
FN:280,(anonymous_12)
FN:290,(anonymous_13)
FN:304,(anonymous_14)
FN:329,(anonymous_15)
FN:341,(anonymous_16)
FNF:17
FNH:0
FNDA:0,(anonymous_0)
FNDA:0,(anonymous_1)
FNDA:0,(anonymous_2)
FNDA:0,(anonymous_3)
FNDA:0,(anonymous_4)
FNDA:0,(anonymous_5)
FNDA:0,(anonymous_6)
FNDA:0,(anonymous_7)
FNDA:0,(anonymous_8)
FNDA:0,(anonymous_9)
FNDA:0,(anonymous_10)
FNDA:0,(anonymous_11)
FNDA:0,(anonymous_12)
FNDA:0,(anonymous_13)
FNDA:0,(anonymous_14)
FNDA:0,(anonymous_15)
FNDA:0,(anonymous_16)
DA:37,0
DA:38,0
DA:39,0
DA:48,0
DA:49,0
DA:61,0
DA:81,0
DA:121,0
DA:133,0
DA:148,0
DA:187,0
DA:201,0
DA:214,0
DA:253,0
DA:265,0
DA:280,0
DA:290,0
DA:304,0
DA:329,0
DA:341,0
LF:20
LH:0
BRDA:111,0,0,0
BRDA:111,0,1,0
BRDA:120,1,0,0
BRDA:120,1,1,0
BRDA:132,2,0,0
BRDA:132,2,1,0
BRDA:179,3,0,0
BRDA:179,3,1,0
BRDA:186,4,0,0
BRDA:186,4,1,0
BRDA:193,5,0,0
BRDA:193,5,1,0
BRDA:200,6,0,0
BRDA:200,6,1,0
BRDA:246,7,0,0
BRDA:246,7,1,0
BRDA:252,8,0,0
BRDA:252,8,1,0
BRDA:258,9,0,0
BRDA:258,9,1,0
BRDA:264,10,0,0
BRDA:264,10,1,0
BRDA:271,11,0,0
BRDA:271,11,1,0
BRDA:279,12,0,0
BRDA:279,12,1,0
BRDA:289,13,0,0
BRDA:289,13,1,0
BRDA:319,14,0,0
BRDA:319,14,1,0
BRDA:328,15,0,0
BRDA:328,15,1,0
BRDA:340,16,0,0
BRDA:340,16,1,0
BRDA:348,17,0,0
BRDA:348,17,1,0
BRDA:349,18,0,0
BRDA:349,18,1,0
BRDA:350,19,0,0
BRDA:350,19,1,0
BRDA:350,20,0,0
BRDA:350,20,1,0
BRDA:351,21,0,0
BRDA:351,21,1,0
BRDA:382,22,0,0
BRDA:382,22,1,0
BRF:46
BRH:0
end_of_record
TN:
SF:src/components/AIAdvisorWidget.js
FN:27,AIAdvisorWidget
FN:42,(anonymous_1)
FN:65,(anonymous_2)
FN:67,(anonymous_3)
FN:70,(anonymous_4)
FN:115,(anonymous_5)
FN:136,(anonymous_6)
FN:141,(anonymous_7)
FN:154,(anonymous_8)
FN:155,(anonymous_9)
FN:181,(anonymous_10)
FN:196,(anonymous_11)
FN:202,(anonymous_12)
FN:218,(anonymous_13)
FN:223,(anonymous_14)
FNF:15
FNH:0
FNDA:0,AIAdvisorWidget
FNDA:0,(anonymous_1)
FNDA:0,(anonymous_2)
FNDA:0,(anonymous_3)
FNDA:0,(anonymous_4)
FNDA:0,(anonymous_5)
FNDA:0,(anonymous_6)
FNDA:0,(anonymous_7)
FNDA:0,(anonymous_8)
FNDA:0,(anonymous_9)
FNDA:0,(anonymous_10)
FNDA:0,(anonymous_11)
FNDA:0,(anonymous_12)
FNDA:0,(anonymous_13)
FNDA:0,(anonymous_14)
DA:28,0
DA:29,0
DA:30,0
DA:31,0
DA:32,0
DA:35,0
DA:42,0
DA:43,0
DA:45,0
DA:46,0
DA:47,0
DA:48,0
DA:49,0
DA:50,0
DA:51,0
DA:54,0
DA:61,0
DA:65,0
DA:66,0
DA:67,0
DA:70,0
DA:71,0
DA:72,0
DA:73,0
DA:74,0
DA:78,0
DA:115,0
DA:137,0
DA:141,0
DA:154,0
DA:155,0
DA:182,0
DA:197,0
DA:202,0
DA:219,0
DA:223,0
LF:36
LH:0
BRDA:43,0,0,0
BRDA:43,0,1,0
BRDA:48,1,0,0
BRDA:48,1,1,0
BRDA:71,2,0,0
BRDA:71,2,1,0
BRDA:71,3,0,0
BRDA:71,3,1,0
BRDA:73,4,0,0
BRDA:73,4,1,0
BRDA:85,5,0,0
BRDA:85,5,1,0
BRDA:86,6,0,0
BRDA:86,6,1,0
BRDA:87,7,0,0
BRDA:87,7,1,0
BRDA:102,8,0,0
BRDA:102,8,1,0
BRDA:119,9,0,0
BRDA:119,9,1,0
BRDA:121,10,0,0
BRDA:121,10,1,0
BRDA:155,11,0,0
BRDA:155,11,1,0
BRDA:161,12,0,0
BRDA:161,12,1,0
BRDA:163,13,0,0
BRDA:163,13,1,0
BRDA:168,14,0,0
BRDA:168,14,1,0
BRDA:175,15,0,0
BRDA:175,15,1,0
BRDA:175,15,2,0
BRDA:194,16,0,0
BRDA:194,16,1,0
BRDA:194,16,2,0
BRDA:212,17,0,0
BRDA:212,17,1,0
BRF:38
BRH:0
end_of_record
TN:
SF:src/components/AddSymbolDialog.js
FN:47,AddSymbolDialog
FN:67,(anonymous_1)
FN:68,(anonymous_2)
FN:75,(anonymous_3)
FN:76,(anonymous_4)
FN:86,(anonymous_5)
FN:88,(anonymous_6)
FN:99,(anonymous_7)
FN:133,(anonymous_8)
FN:174,(anonymous_9)
FN:192,(anonymous_10)
FN:192,(anonymous_11)
FN:234,(anonymous_12)
FN:235,(anonymous_13)
FN:239,(anonymous_14)
FN:256,(anonymous_15)
FN:268,(anonymous_16)
FN:275,(anonymous_17)
FN:289,(anonymous_18)
FN:307,(anonymous_19)
FN:318,(anonymous_20)
FN:332,(anonymous_21)
FN:344,(anonymous_22)
FN:365,(anonymous_23)
FN:373,(anonymous_24)
FNF:25
FNH:0
FNDA:0,AddSymbolDialog
FNDA:0,(anonymous_1)
FNDA:0,(anonymous_2)
FNDA:0,(anonymous_3)
FNDA:0,(anonymous_4)
FNDA:0,(anonymous_5)
FNDA:0,(anonymous_6)
FNDA:0,(anonymous_7)
FNDA:0,(anonymous_8)
FNDA:0,(anonymous_9)
FNDA:0,(anonymous_10)
FNDA:0,(anonymous_11)
FNDA:0,(anonymous_12)
FNDA:0,(anonymous_13)
FNDA:0,(anonymous_14)
FNDA:0,(anonymous_15)
FNDA:0,(anonymous_16)
FNDA:0,(anonymous_17)
FNDA:0,(anonymous_18)
FNDA:0,(anonymous_19)
FNDA:0,(anonymous_20)
FNDA:0,(anonymous_21)
FNDA:0,(anonymous_22)
FNDA:0,(anonymous_23)
FNDA:0,(anonymous_24)
DA:36,0
DA:48,0
DA:63,0
DA:64,0
DA:65,0
DA:67,0
DA:68,0
DA:72,0
DA:75,0
DA:76,0
DA:83,0
DA:86,0
DA:87,0
DA:88,0
DA:94,0
DA:96,0
DA:99,0
DA:101,0
DA:102,0
DA:103,0
DA:105,0
DA:106,0
DA:107,0
DA:109,0
DA:110,0
DA:111,0
DA:114,0
DA:115,0
DA:116,0
DA:118,0
DA:119,0
DA:120,0
DA:122,0
DA:123,0
DA:124,0
DA:126,0
DA:127,0
DA:128,0
DA:132,0
DA:133,0
DA:134,0
DA:135,0
DA:138,0
DA:139,0
DA:141,0
DA:142,0
DA:158,0
DA:160,0
DA:161,0
DA:162,0
DA:164,0
DA:167,0
DA:168,0
DA:170,0
DA:174,0
DA:175,0
DA:184,0
DA:185,0
DA:186,0
DA:187,0
DA:191,0
DA:192,0
DA:195,0
DA:235,0
DA:236,0
DA:240,0
DA:256,0
DA:268,0
DA:275,0
DA:289,0
DA:307,0
DA:318,0
DA:332,0
DA:344,0
DA:365,0
DA:373,0
LF:76
LH:0
BRDA:47,0,0,0
BRDA:87,1,0,0
BRDA:87,1,1,0
BRDA:101,2,0,0
BRDA:101,2,1,0
BRDA:105,3,0,0
BRDA:105,3,1,0
BRDA:109,4,0,0
BRDA:109,4,1,0
BRDA:109,5,0,0
BRDA:109,5,1,0
BRDA:109,5,2,0
BRDA:118,6,0,0
BRDA:118,6,1,0
BRDA:122,7,0,0
BRDA:122,7,1,0
BRDA:126,8,0,0
BRDA:126,8,1,0
BRDA:133,9,0,0
BRDA:133,9,1,0
BRDA:151,10,0,0
BRDA:151,10,1,0
BRDA:153,11,0,0
BRDA:153,11,1,0
BRDA:154,12,0,0
BRDA:154,12,1,0
BRDA:160,13,0,0
BRDA:160,13,1,0
BRDA:161,14,0,0
BRDA:161,14,1,0
BRDA:164,15,0,0
BRDA:164,15,1,0
BRDA:168,16,0,0
BRDA:168,16,1,0
BRDA:212,17,0,0
BRDA:212,17,1,0
BRDA:228,18,0,0
BRDA:228,18,1,0
BRDA:228,19,0,0
BRDA:228,19,1,0
BRDA:389,20,0,0
BRDA:389,20,1,0
BRDA:389,20,2,0
BRDA:390,21,0,0
BRDA:390,21,1,0
BRDA:392,22,0,0
BRDA:392,22,1,0
BRF:47
BRH:0
end_of_record
TN:
SF:src/components/BackendDownError.js
FN:27,(anonymous_0)
FN:32,(anonymous_1)
FN:36,(anonymous_2)
FN:39,(anonymous_3)
FN:41,(anonymous_4)
FN:47,(anonymous_5)
FN:49,(anonymous_6)
FN:53,(anonymous_7)
FN:165,(anonymous_8)
FN:209,(anonymous_9)
FN:253,(anonymous_10)
FN:277,(anonymous_11)
FNF:12
FNH:0
FNDA:0,(anonymous_0)
FNDA:0,(anonymous_1)
FNDA:0,(anonymous_2)
FNDA:0,(anonymous_3)
FNDA:0,(anonymous_4)
FNDA:0,(anonymous_5)
FNDA:0,(anonymous_6)
FNDA:0,(anonymous_7)
FNDA:0,(anonymous_8)
FNDA:0,(anonymous_9)
FNDA:0,(anonymous_10)
FNDA:0,(anonymous_11)
DA:27,0
DA:28,0
DA:29,0
DA:30,0
DA:32,0
DA:33,0
DA:34,0
DA:35,0
DA:36,0
DA:39,0
DA:40,0
DA:41,0
DA:42,0
DA:43,0
DA:47,0
DA:49,0
DA:50,0
DA:53,0
DA:56,0
DA:108,0
DA:166,0
DA:209,0
DA:253,0
DA:277,0
LF:24
LH:0
BRDA:43,0,0,0
BRDA:43,0,1,0
BRDA:50,1,0,0
BRDA:50,1,1,0
BRDA:211,2,0,0
BRDA:211,2,1,0
BRDA:215,3,0,0
BRDA:215,3,1,0
BRDA:235,4,0,0
BRDA:235,4,1,0
BRDA:247,5,0,0
BRDA:247,5,1,0
BRF:12
BRH:0
end_of_record
TN:
SF:src/components/BotActionsPanel.js
FN:5,(anonymous_0)
FN:13,(anonymous_1)
FN:34,(anonymous_2)
FN:37,(anonymous_3)
FN:40,(anonymous_4)
FN:49,(anonymous_5)
FN:122,(anonymous_6)
FNF:7
FNH:0
FNDA:0,(anonymous_0)
FNDA:0,(anonymous_1)
FNDA:0,(anonymous_2)
FNDA:0,(anonymous_3)
FNDA:0,(anonymous_4)
FNDA:0,(anonymous_5)
FNDA:0,(anonymous_6)
DA:5,0
DA:6,0
DA:7,0
DA:8,0
DA:9,0
DA:10,0
DA:13,0
DA:14,0
DA:15,0
DA:16,0
DA:17,0
DA:19,0
DA:20,0
DA:21,0
DA:23,0
DA:25,0
DA:27,0
DA:28,0
DA:29,0
DA:34,0
DA:35,0
DA:36,0
DA:37,0
DA:40,0
DA:41,0
DA:42,0
DA:43,0
DA:44,0
DA:45,0
DA:49,0
DA:50,0
DA:55,0
DA:58,0
DA:59,0
DA:69,0
DA:70,0
DA:80,0
DA:123,0
LF:38
LH:0
BRDA:19,0,0,0
BRDA:19,0,1,0
BRDA:19,1,0,0
BRDA:19,1,1,0
BRDA:41,2,0,0
BRDA:41,2,1,0
BRDA:41,2,2,0
BRDA:41,2,3,0
BRDA:55,3,0,0
BRDA:55,3,1,0
BRDA:58,4,0,0
BRDA:58,4,1,0
BRDA:69,5,0,0
BRDA:69,5,1,0
BRDA:95,6,0,0
BRDA:95,6,1,0
BRDA:117,7,0,0
BRDA:117,7,1,0
BRDA:125,8,0,0
BRDA:125,8,1,0
BRDA:130,9,0,0
BRDA:130,9,1,0
BRDA:137,10,0,0
BRDA:137,10,1,0
BRDA:143,11,0,0
BRDA:143,11,1,0
BRDA:149,12,0,0
BRDA:149,12,1,0
BRDA:155,13,0,0
BRDA:155,13,1,0
BRF:30
BRH:0
end_of_record
TN:
SF:src/components/BotManagerPanel.js
FN:37,(anonymous_0)
FN:49,(anonymous_1)
FN:69,(anonymous_2)
FN:77,(anonymous_3)
FN:91,(anonymous_4)
FN:96,(anonymous_5)
FN:103,(anonymous_6)
FN:109,(anonymous_7)
FN:121,(anonymous_8)
FN:133,(anonymous_9)
FN:138,(anonymous_10)
FN:143,(anonymous_11)
FN:148,(anonymous_12)
FN:175,(anonymous_13)
FN:226,(anonymous_14)
FN:297,(anonymous_15)
FN:314,(anonymous_16)
FN:357,(anonymous_17)
FN:382,(anonymous_18)
FN:414,(anonymous_19)
FN:420,(anonymous_20)
FN:435,(anonymous_21)
FN:439,(anonymous_22)
FNF:23
FNH:0
FNDA:0,(anonymous_0)
FNDA:0,(anonymous_1)
FNDA:0,(anonymous_2)
FNDA:0,(anonymous_3)
FNDA:0,(anonymous_4)
FNDA:0,(anonymous_5)
FNDA:0,(anonymous_6)
FNDA:0,(anonymous_7)
FNDA:0,(anonymous_8)
FNDA:0,(anonymous_9)
FNDA:0,(anonymous_10)
FNDA:0,(anonymous_11)
FNDA:0,(anonymous_12)
FNDA:0,(anonymous_13)
FNDA:0,(anonymous_14)
FNDA:0,(anonymous_15)
FNDA:0,(anonymous_16)
FNDA:0,(anonymous_17)
FNDA:0,(anonymous_18)
FNDA:0,(anonymous_19)
FNDA:0,(anonymous_20)
FNDA:0,(anonymous_21)
FNDA:0,(anonymous_22)
DA:37,0
DA:38,0
DA:39,0
DA:40,0
DA:41,0
DA:42,0
DA:43,0
DA:44,0
DA:45,0
DA:46,0
DA:49,0
DA:50,0
DA:51,0
DA:52,0
DA:54,0
DA:55,0
DA:56,0
DA:58,0
DA:61,0
DA:62,0
DA:64,0
DA:69,0
DA:70,0
DA:71,0
DA:72,0
DA:74,0
DA:75,0
DA:77,0
DA:79,0
DA:82,0
DA:83,0
DA:85,0
DA:86,0
DA:91,0
DA:92,0
DA:96,0
DA:98,0
DA:99,0
DA:103,0
DA:104,0
DA:105,0
DA:109,0
DA:110,0
DA:117,0
DA:121,0
DA:122,0
DA:129,0
DA:133,0
DA:134,0
DA:138,0
DA:139,0
DA:142,0
DA:143,0
DA:144,0
DA:148,0
DA:149,0
DA:153,0
DA:175,0
DA:227,0
DA:297,0
DA:315,0
DA:357,0
DA:382,0
DA:414,0
DA:420,0
DA:435,0
DA:439,0
LF:67
LH:0
BRDA:54,0,0,0
BRDA:54,0,1,0
BRDA:55,1,0,0
BRDA:55,1,1,0
BRDA:56,2,0,0
BRDA:56,2,1,0
BRDA:74,3,0,0
BRDA:74,3,1,0
BRDA:75,4,0,0
BRDA:75,4,1,0
BRDA:79,5,0,0
BRDA:79,5,1,0
BRDA:91,6,0,0
BRDA:98,7,0,0
BRDA:98,7,1,0
BRDA:104,8,0,0
BRDA:104,8,1,0
BRDA:117,9,0,0
BRDA:117,9,1,0
BRDA:129,10,0,0
BRDA:129,10,1,0
BRDA:142,11,0,0
BRDA:142,11,1,0
BRDA:149,12,0,0
BRDA:149,12,1,0
BRDA:166,13,0,0
BRDA:166,13,1,0
BRDA:171,14,0,0
BRDA:171,14,1,0
BRDA:174,15,0,0
BRDA:174,15,1,0
BRDA:177,16,0,0
BRDA:177,16,1,0
BRDA:194,17,0,0
BRDA:194,17,1,0
BRDA:194,17,2,0
BRDA:201,18,0,0
BRDA:201,18,1,0
BRDA:201,18,2,0
BRDA:210,19,0,0
BRDA:210,19,1,0
BRDA:231,20,0,0
BRDA:231,20,1,0
BRDA:250,21,0,0
BRDA:250,21,1,0
BRDA:271,22,0,0
BRDA:271,22,1,0
BRDA:284,23,0,0
BRDA:284,23,1,0
BRDA:326,24,0,0
BRDA:326,24,1,0
BRDA:342,25,0,0
BRDA:342,25,1,0
BRDA:350,26,0,0
BRDA:350,26,1,0
BRDA:369,27,0,0
BRDA:369,27,1,0
BRDA:391,28,0,0
BRDA:391,28,1,0
BRDA:424,29,0,0
BRDA:424,29,1,0
BRDA:426,30,0,0
BRDA:426,30,1,0
BRF:63
BRH:0
end_of_record
TN:
SF:src/components/BotStatus.js
FN:5,BotStatus
FN:43,(anonymous_1)
FNF:2
FNH:0
FNDA:0,BotStatus
FNDA:0,(anonymous_1)
DA:6,0
DA:33,0
DA:44,0
LF:3
LH:0
BRDA:9,0,0,0
BRDA:9,0,1,0
BRDA:11,1,0,0
BRDA:11,1,1,0
BRDA:15,2,0,0
BRDA:15,2,1,0
BRDA:21,3,0,0
BRDA:21,3,1,0
BRDA:27,4,0,0
BRDA:27,4,1,0
BRF:10
BRH:0
end_of_record
TN:
SF:src/components/CapitalProtectionPanel.js
FN:55,CapitalProtectionPanel
FN:74,(anonymous_1)
FN:100,(anonymous_2)
FN:103,(anonymous_3)
FN:106,(anonymous_4)
FN:109,(anonymous_5)
FN:116,(anonymous_6)
FN:122,(anonymous_7)
FN:126,(anonymous_8)
FN:137,(anonymous_9)
FN:221,(anonymous_10)
FN:228,(anonymous_11)
FN:239,(anonymous_12)
FN:249,(anonymous_13)
FN:275,(anonymous_14)
FN:325,(anonymous_15)
FN:374,(anonymous_16)
FN:419,(anonymous_17)
FN:464,(anonymous_18)
FN:498,(anonymous_19)
FN:567,(anonymous_20)
FN:585,(anonymous_21)
FN:596,(anonymous_22)
FN:615,(anonymous_23)
FN:631,(anonymous_24)
FN:649,(anonymous_25)
FN:703,(anonymous_26)
FN:822,(anonymous_27)
FN:841,(anonymous_28)
FN:852,(anonymous_29)
FN:872,(anonymous_30)
FN:887,(anonymous_31)
FN:902,(anonymous_32)
FN:918,(anonymous_33)
FN:971,(anonymous_34)
FN:1047,(anonymous_35)
FN:1064,(anonymous_36)
FN:1074,(anonymous_37)
FN:1093,(anonymous_38)
FN:1108,(anonymous_39)
FN:1154,(anonymous_40)
FN:1242,(anonymous_41)
FN:1259,(anonymous_42)
FN:1269,(anonymous_43)
FN:1286,(anonymous_44)
FN:1301,(anonymous_45)
FN:1348,(anonymous_46)
FN:1449,(anonymous_47)
FN:1478,(anonymous_48)
FN:1495,(anonymous_49)
FN:1511,(anonymous_50)
FN:1521,(anonymous_51)
FN:1537,(anonymous_52)
FN:1636,(anonymous_53)
FN:1641,(anonymous_54)
FN:1684,(anonymous_55)
FNF:56
FNH:0
FNDA:0,CapitalProtectionPanel
FNDA:0,(anonymous_1)
FNDA:0,(anonymous_2)
FNDA:0,(anonymous_3)
FNDA:0,(anonymous_4)
FNDA:0,(anonymous_5)
FNDA:0,(anonymous_6)
FNDA:0,(anonymous_7)
FNDA:0,(anonymous_8)
FNDA:0,(anonymous_9)
FNDA:0,(anonymous_10)
FNDA:0,(anonymous_11)
FNDA:0,(anonymous_12)
FNDA:0,(anonymous_13)
FNDA:0,(anonymous_14)
FNDA:0,(anonymous_15)
FNDA:0,(anonymous_16)
FNDA:0,(anonymous_17)
FNDA:0,(anonymous_18)
FNDA:0,(anonymous_19)
FNDA:0,(anonymous_20)
FNDA:0,(anonymous_21)
FNDA:0,(anonymous_22)
FNDA:0,(anonymous_23)
FNDA:0,(anonymous_24)
FNDA:0,(anonymous_25)
FNDA:0,(anonymous_26)
FNDA:0,(anonymous_27)
FNDA:0,(anonymous_28)
FNDA:0,(anonymous_29)
FNDA:0,(anonymous_30)
FNDA:0,(anonymous_31)
FNDA:0,(anonymous_32)
FNDA:0,(anonymous_33)
FNDA:0,(anonymous_34)
FNDA:0,(anonymous_35)
FNDA:0,(anonymous_36)
FNDA:0,(anonymous_37)
FNDA:0,(anonymous_38)
FNDA:0,(anonymous_39)
FNDA:0,(anonymous_40)
FNDA:0,(anonymous_41)
FNDA:0,(anonymous_42)
FNDA:0,(anonymous_43)
FNDA:0,(anonymous_44)
FNDA:0,(anonymous_45)
FNDA:0,(anonymous_46)
FNDA:0,(anonymous_47)
FNDA:0,(anonymous_48)
FNDA:0,(anonymous_49)
FNDA:0,(anonymous_50)
FNDA:0,(anonymous_51)
FNDA:0,(anonymous_52)
FNDA:0,(anonymous_53)
FNDA:0,(anonymous_54)
FNDA:0,(anonymous_55)
DA:51,0
DA:56,0
DA:57,0
DA:58,0
DA:65,0
DA:66,0
DA:67,0
DA:68,0
DA:69,0
DA:70,0
DA:71,0
DA:72,0
DA:74,0
DA:75,0
DA:77,0
DA:85,0
DA:93,0
DA:95,0
DA:96,0
DA:100,0
DA:101,0
DA:102,0
DA:103,0
DA:106,0
DA:107,0
DA:109,0
DA:110,0
DA:113,0
DA:114,0
DA:116,0
DA:117,0
DA:118,0
DA:122,0
DA:123,0
DA:126,0
DA:127,0
DA:128,0
DA:129,0
DA:130,0
DA:132,0
DA:133,0
DA:137,0
DA:138,0
DA:139,0
DA:141,0
DA:142,0
DA:143,0
DA:148,0
DA:152,0
DA:153,0
DA:158,0
DA:162,0
DA:163,0
DA:164,0
DA:166,0
DA:167,0
DA:171,0
DA:172,0
DA:175,0
DA:176,0
DA:177,0
DA:180,0
DA:182,0
DA:183,0
DA:184,0
DA:185,0
DA:190,0
DA:193,0
DA:194,0
DA:200,0
DA:201,0
DA:203,0
DA:210,0
DA:211,0
DA:217,0
DA:221,0
DA:222,0
DA:223,0
DA:224,0
DA:225,0
DA:228,0
DA:229,0
DA:230,0
DA:231,0
DA:232,0
DA:239,0
DA:240,0
DA:249,0
DA:275,0
DA:325,0
DA:374,0
DA:419,0
DA:464,0
DA:498,0
DA:499,0
DA:568,0
DA:569,0
DA:585,0
DA:596,0
DA:615,0
DA:631,0
DA:649,0
DA:703,0
DA:704,0
DA:823,0
DA:824,0
DA:841,0
DA:852,0
DA:872,0
DA:887,0
DA:902,0
DA:918,0
DA:971,0
DA:972,0
DA:1048,0
DA:1049,0
DA:1064,0
DA:1075,0
DA:1093,0
DA:1109,0
DA:1154,0
DA:1155,0
DA:1243,0
DA:1244,0
DA:1259,0
DA:1269,0
DA:1286,0
DA:1301,0
DA:1348,0
DA:1349,0
DA:1450,0
DA:1479,0
DA:1496,0
DA:1497,0
DA:1511,0
DA:1521,0
DA:1537,0
DA:1596,0
DA:1636,0
DA:1641,0
DA:1684,0
LF:141
LH:0
BRDA:86,0,0,0
BRDA:86,0,1,0
BRDA:87,1,0,0
BRDA:87,1,1,0
BRDA:88,2,0,0
BRDA:88,2,1,0
BRDA:89,3,0,0
BRDA:89,3,1,0
BRDA:90,4,0,0
BRDA:90,4,1,0
BRDA:107,5,0,0
BRDA:107,5,1,0
BRDA:137,6,0,0
BRDA:142,7,0,0
BRDA:142,7,1,0
BRDA:152,8,0,0
BRDA:152,8,1,0
BRDA:152,9,0,0
BRDA:152,9,1,0
BRDA:163,10,0,0
BRDA:163,10,1,0
BRDA:166,11,0,0
BRDA:166,11,1,0
BRDA:171,12,0,0
BRDA:171,12,1,0
BRDA:180,13,0,0
BRDA:180,13,1,0
BRDA:193,14,0,0
BRDA:193,14,1,0
BRDA:193,15,0,0
BRDA:193,15,1,0
BRDA:196,16,0,0
BRDA:196,16,1,0
BRDA:205,17,0,0
BRDA:205,17,1,0
BRDA:266,18,0,0
BRDA:266,18,1,0
BRDA:285,19,0,0
BRDA:285,19,1,0
BRDA:288,20,0,0
BRDA:288,20,1,0
BRDA:291,21,0,0
BRDA:291,21,1,0
BRDA:294,22,0,0
BRDA:294,22,1,0
BRDA:296,23,0,0
BRDA:296,23,1,0
BRDA:316,24,0,0
BRDA:316,24,1,0
BRDA:335,25,0,0
BRDA:335,25,1,0
BRDA:347,26,0,0
BRDA:347,26,1,0
BRDA:350,27,0,0
BRDA:350,27,1,0
BRDA:384,28,0,0
BRDA:384,28,1,0
BRDA:387,29,0,0
BRDA:387,29,1,0
BRDA:387,30,0,0
BRDA:387,30,1,0
BRDA:394,31,0,0
BRDA:394,31,1,0
BRDA:398,32,0,0
BRDA:398,32,1,0
BRDA:399,33,0,0
BRDA:399,33,1,0
BRDA:429,34,0,0
BRDA:429,34,1,0
BRDA:432,35,0,0
BRDA:432,35,1,0
BRDA:439,36,0,0
BRDA:439,36,1,0
BRDA:441,37,0,0
BRDA:441,37,1,0
BRDA:444,38,0,0
BRDA:444,38,1,0
BRDA:455,39,0,0
BRDA:455,39,1,0
BRDA:474,40,0,0
BRDA:474,40,1,0
BRDA:476,41,0,0
BRDA:476,41,1,0
BRDA:511,42,0,0
BRDA:511,42,1,0
BRDA:515,43,0,0
BRDA:515,43,1,0
BRDA:535,44,0,0
BRDA:535,44,1,0
BRDA:551,45,0,0
BRDA:551,45,1,0
BRDA:551,46,0,0
BRDA:551,46,1,0
BRDA:562,47,0,0
BRDA:562,47,1,0
BRDA:568,48,0,0
BRDA:568,48,1,0
BRDA:572,49,0,0
BRDA:572,49,1,0
BRDA:573,50,0,0
BRDA:573,50,1,0
BRDA:574,51,0,0
BRDA:574,51,1,0
BRDA:602,52,0,0
BRDA:602,52,1,0
BRDA:611,53,0,0
BRDA:611,53,1,0
BRDA:614,54,0,0
BRDA:614,54,1,0
BRDA:627,55,0,0
BRDA:627,55,1,0
BRDA:630,56,0,0
BRDA:630,56,1,0
BRDA:643,57,0,0
BRDA:643,57,1,0
BRDA:646,58,0,0
BRDA:646,58,1,0
BRDA:647,59,0,0
BRDA:647,59,1,0
BRDA:652,60,0,0
BRDA:652,60,1,0
BRDA:657,61,0,0
BRDA:657,61,1,0
BRDA:667,62,0,0
BRDA:667,62,1,0
BRDA:716,63,0,0
BRDA:716,63,1,0
BRDA:720,64,0,0
BRDA:720,64,1,0
BRDA:754,65,0,0
BRDA:754,65,1,0
BRDA:779,66,0,0
BRDA:779,66,1,0
BRDA:779,67,0,0
BRDA:779,67,1,0
BRDA:817,68,0,0
BRDA:817,68,1,0
BRDA:823,69,0,0
BRDA:823,69,1,0
BRDA:827,70,0,0
BRDA:827,70,1,0
BRDA:828,71,0,0
BRDA:828,71,1,0
BRDA:829,72,0,0
BRDA:829,72,1,0
BRDA:830,73,0,0
BRDA:830,73,1,0
BRDA:859,74,0,0
BRDA:859,74,1,0
BRDA:868,75,0,0
BRDA:868,75,1,0
BRDA:871,76,0,0
BRDA:871,76,1,0
BRDA:883,77,0,0
BRDA:883,77,1,0
BRDA:886,78,0,0
BRDA:886,78,1,0
BRDA:898,79,0,0
BRDA:898,79,1,0
BRDA:901,80,0,0
BRDA:901,80,1,0
BRDA:914,81,0,0
BRDA:914,81,1,0
BRDA:917,82,0,0
BRDA:917,82,1,0
BRDA:925,83,0,0
BRDA:925,83,1,0
BRDA:930,84,0,0
BRDA:930,84,1,0
BRDA:979,85,0,0
BRDA:979,85,1,0
BRDA:983,86,0,0
BRDA:983,86,1,0
BRDA:1001,87,0,0
BRDA:1001,87,1,0
BRDA:1001,88,0,0
BRDA:1001,88,1,0
BRDA:1001,89,0,0
BRDA:1001,89,1,0
BRDA:1002,90,0,0
BRDA:1002,90,1,0
BRDA:1005,91,0,0
BRDA:1005,91,1,0
BRDA:1010,92,0,0
BRDA:1010,92,1,0
BRDA:1010,93,0,0
BRDA:1010,93,1,0
BRDA:1012,94,0,0
BRDA:1012,94,1,0
BRDA:1012,95,0,0
BRDA:1012,95,1,0
BRDA:1012,96,0,0
BRDA:1012,96,1,0
BRDA:1012,97,0,0
BRDA:1012,97,1,0
BRDA:1012,98,0,0
BRDA:1012,98,1,0
BRDA:1012,99,0,0
BRDA:1012,99,1,0
BRDA:1021,100,0,0
BRDA:1021,100,1,0
BRDA:1021,101,0,0
BRDA:1021,101,1,0
BRDA:1021,102,0,0
BRDA:1021,102,1,0
BRDA:1022,103,0,0
BRDA:1022,103,1,0
BRDA:1025,104,0,0
BRDA:1025,104,1,0
BRDA:1030,105,0,0
BRDA:1030,105,1,0
BRDA:1030,106,0,0
BRDA:1030,106,1,0
BRDA:1032,107,0,0
BRDA:1032,107,1,0
BRDA:1032,108,0,0
BRDA:1032,108,1,0
BRDA:1032,109,0,0
BRDA:1032,109,1,0
BRDA:1032,110,0,0
BRDA:1032,110,1,0
BRDA:1032,111,0,0
BRDA:1032,111,1,0
BRDA:1032,112,0,0
BRDA:1032,112,1,0
BRDA:1042,113,0,0
BRDA:1042,113,1,0
BRDA:1048,114,0,0
BRDA:1048,114,1,0
BRDA:1052,115,0,0
BRDA:1052,115,1,0
BRDA:1053,116,0,0
BRDA:1053,116,1,0
BRDA:1081,117,0,0
BRDA:1081,117,1,0
BRDA:1089,118,0,0
BRDA:1089,118,1,0
BRDA:1092,119,0,0
BRDA:1092,119,1,0
BRDA:1092,120,0,0
BRDA:1092,120,1,0
BRDA:1099,121,0,0
BRDA:1099,121,1,0
BRDA:1104,122,0,0
BRDA:1104,122,1,0
BRDA:1107,123,0,0
BRDA:1107,123,1,0
BRDA:1107,124,0,0
BRDA:1107,124,1,0
BRDA:1116,125,0,0
BRDA:1116,125,1,0
BRDA:1162,126,0,0
BRDA:1162,126,1,0
BRDA:1166,127,0,0
BRDA:1166,127,1,0
BRDA:1171,128,0,0
BRDA:1171,128,1,0
BRDA:1188,129,0,0
BRDA:1188,129,1,0
BRDA:1220,130,0,0
BRDA:1220,130,1,0
BRDA:1220,131,0,0
BRDA:1220,131,1,0
BRDA:1237,132,0,0
BRDA:1237,132,1,0
BRDA:1243,133,0,0
BRDA:1243,133,1,0
BRDA:1247,134,0,0
BRDA:1247,134,1,0
BRDA:1248,135,0,0
BRDA:1248,135,1,0
BRDA:1274,136,0,0
BRDA:1274,136,1,0
BRDA:1282,137,0,0
BRDA:1282,137,1,0
BRDA:1285,138,0,0
BRDA:1285,138,1,0
BRDA:1297,139,0,0
BRDA:1297,139,1,0
BRDA:1300,140,0,0
BRDA:1300,140,1,0
BRDA:1356,141,0,0
BRDA:1356,141,1,0
BRDA:1360,142,0,0
BRDA:1360,142,1,0
BRDA:1373,143,0,0
BRDA:1373,143,1,0
BRDA:1391,144,0,0
BRDA:1391,144,1,0
BRDA:1411,145,0,0
BRDA:1411,145,1,0
BRDA:1424,146,0,0
BRDA:1424,146,1,0
BRDA:1434,147,0,0
BRDA:1434,147,1,0
BRDA:1458,148,0,0
BRDA:1458,148,1,0
BRDA:1490,149,0,0
BRDA:1490,149,1,0
BRDA:1496,150,0,0
BRDA:1496,150,1,0
BRDA:1500,151,0,0
BRDA:1500,151,1,0
BRDA:1525,152,0,0
BRDA:1525,152,1,0
BRDA:1533,153,0,0
BRDA:1533,153,1,0
BRDA:1536,154,0,0
BRDA:1536,154,1,0
BRDA:1549,155,0,0
BRDA:1549,155,1,0
BRDA:1617,156,0,0
BRDA:1617,156,1,0
BRDA:1623,157,0,0
BRDA:1623,157,1,0
BRDA:1624,158,0,0
BRDA:1624,158,1,0
BRDA:1625,159,0,0
BRDA:1625,159,1,0
BRDA:1626,160,0,0
BRDA:1626,160,1,0
BRDA:1627,161,0,0
BRDA:1627,161,1,0
BRDA:1628,162,0,0
BRDA:1628,162,1,0
BRF:325
BRH:0
end_of_record
TN:
SF:src/components/CommandKnowledgeBase.js
FN:36,(anonymous_0)
FN:591,(anonymous_1)
FN:595,(anonymous_2)
FN:598,(anonymous_3)
FN:611,(anonymous_4)
FN:613,(anonymous_5)
FN:619,(anonymous_6)
FN:622,(anonymous_7)
FN:657,(anonymous_8)
FN:674,(anonymous_9)
FN:706,(anonymous_10)
FN:746,(anonymous_11)
FN:764,(anonymous_12)
FN:774,(anonymous_13)
FN:820,(anonymous_14)
FNF:15
FNH:0
FNDA:0,(anonymous_0)
FNDA:0,(anonymous_1)
FNDA:0,(anonymous_2)
FNDA:0,(anonymous_3)
FNDA:0,(anonymous_4)
FNDA:0,(anonymous_5)
FNDA:0,(anonymous_6)
FNDA:0,(anonymous_7)
FNDA:0,(anonymous_8)
FNDA:0,(anonymous_9)
FNDA:0,(anonymous_10)
FNDA:0,(anonymous_11)
FNDA:0,(anonymous_12)
FNDA:0,(anonymous_13)
FNDA:0,(anonymous_14)
DA:36,0
DA:37,0
DA:38,0
DA:39,0
DA:42,0
DA:591,0
DA:592,0
DA:593,0
DA:594,0
DA:595,0
DA:598,0
DA:600,0
DA:601,0
DA:602,0
DA:603,0
DA:604,0
DA:605,0
DA:606,0
DA:607,0
DA:611,0
DA:614,0
DA:615,0
DA:619,0
DA:622,0
DA:624,0
DA:626,0
DA:657,0
DA:675,0
DA:707,0
DA:747,0
DA:764,0
DA:774,0
DA:820,0
LF:33
LH:0
BRDA:616,0,0,0
BRDA:616,0,1,0
BRDA:616,0,2,0
BRDA:616,0,3,0
BRDA:624,1,0,0
BRDA:624,1,1,0
BRDA:763,2,0,0
BRDA:763,2,1,0
BRDA:765,3,0,0
BRDA:765,3,1,0
BRDA:767,4,0,0
BRDA:767,4,1,0
BRDA:788,5,0,0
BRDA:788,5,1,0
BRF:14
BRH:0
end_of_record
TN:
SF:src/components/ConfigChangeConfirmDialog.js
FN:35,ConfigChangeConfirmDialog
FN:49,(anonymous_1)
FN:62,(anonymous_2)
FN:91,(anonymous_3)
FN:144,(anonymous_4)
FN:155,(anonymous_5)
FN:168,(anonymous_6)
FN:177,(anonymous_7)
FN:198,(anonymous_8)
FN:209,(anonymous_9)
FN:244,(anonymous_10)
FN:291,(anonymous_11)
FNF:12
FNH:0
FNDA:0,ConfigChangeConfirmDialog
FNDA:0,(anonymous_1)
FNDA:0,(anonymous_2)
FNDA:0,(anonymous_3)
FNDA:0,(anonymous_4)
FNDA:0,(anonymous_5)
FNDA:0,(anonymous_6)
FNDA:0,(anonymous_7)
FNDA:0,(anonymous_8)
FNDA:0,(anonymous_9)
FNDA:0,(anonymous_10)
FNDA:0,(anonymous_11)
DA:36,0
DA:47,0
DA:49,0
DA:50,0
DA:52,0
DA:63,0
DA:91,0
DA:92,0
DA:93,0
DA:94,0
DA:96,0
DA:144,0
DA:145,0
DA:156,0
DA:169,0
DA:177,0
DA:178,0
DA:180,0
DA:198,0
DA:199,0
DA:210,0
DA:222,0
DA:245,0
DA:292,0
LF:24
LH:0
BRDA:36,0,0,0
BRDA:36,0,1,0
BRDA:39,1,0,0
BRDA:40,2,0,0
BRDA:41,3,0,0
BRDA:42,4,0,0
BRDA:43,5,0,0
BRDA:44,6,0,0
BRDA:45,7,0,0
BRDA:46,8,0,0
BRDA:50,9,0,0
BRDA:50,9,1,0
BRDA:50,10,0,0
BRDA:50,10,1,0
BRDA:73,11,0,0
BRDA:73,11,1,0
BRDA:77,12,0,0
BRDA:77,12,1,0
BRDA:83,13,0,0
BRDA:83,13,1,0
BRDA:92,14,0,0
BRDA:92,14,1,0
BRDA:93,15,0,0
BRDA:93,15,1,0
BRDA:94,16,0,0
BRDA:94,16,1,0
BRDA:183,17,0,0
BRDA:183,17,1,0
BRDA:189,18,0,0
BRDA:189,18,1,0
BRDA:190,19,0,0
BRDA:190,19,1,0
BRDA:238,20,0,0
BRDA:238,20,1,0
BRDA:238,20,2,0
BRDA:263,21,0,0
BRDA:263,21,1,0
BRDA:273,22,0,0
BRDA:273,22,1,0
BRDA:273,22,2,0
BRDA:276,23,0,0
BRDA:276,23,1,0
BRDA:276,23,2,0
BRDA:279,24,0,0
BRDA:279,24,1,0
BRDA:279,24,2,0
BRDA:282,25,0,0
BRDA:282,25,1,0
BRDA:282,25,2,0
BRDA:285,26,0,0
BRDA:285,26,1,0
BRDA:299,27,0,0
BRDA:299,27,1,0
BRDA:311,28,0,0
BRDA:311,28,1,0
BRDA:316,29,0,0
BRDA:316,29,1,0
BRDA:320,30,0,0
BRDA:320,30,1,0
BRF:59
BRH:0
end_of_record
TN:
SF:src/components/ConfigEditor.tsx
FN:60,(anonymous_0)
FN:72,(anonymous_1)
FN:77,(anonymous_2)
FN:83,(anonymous_3)
FN:99,(anonymous_4)
FN:127,(anonymous_5)
FN:154,(anonymous_6)
FN:175,(anonymous_7)
FN:183,(anonymous_8)
FN:187,(anonymous_9)
FN:191,(anonymous_10)
FN:239,(anonymous_11)
FN:258,(anonymous_12)
FN:267,(anonymous_13)
FN:279,(anonymous_14)
FN:302,(anonymous_15)
FN:311,(anonymous_16)
FN:320,(anonymous_17)
FN:329,(anonymous_18)
FN:338,(anonymous_19)
FN:347,(anonymous_20)
FNF:21
FNH:0
FNDA:0,(anonymous_0)
FNDA:0,(anonymous_1)
FNDA:0,(anonymous_2)
FNDA:0,(anonymous_3)
FNDA:0,(anonymous_4)
FNDA:0,(anonymous_5)
FNDA:0,(anonymous_6)
FNDA:0,(anonymous_7)
FNDA:0,(anonymous_8)
FNDA:0,(anonymous_9)
FNDA:0,(anonymous_10)
FNDA:0,(anonymous_11)
FNDA:0,(anonymous_12)
FNDA:0,(anonymous_13)
FNDA:0,(anonymous_14)
FNDA:0,(anonymous_15)
FNDA:0,(anonymous_16)
FNDA:0,(anonymous_17)
FNDA:0,(anonymous_18)
FNDA:0,(anonymous_19)
FNDA:0,(anonymous_20)
DA:60,0
DA:61,0
DA:62,0
DA:63,0
DA:64,0
DA:65,0
DA:66,0
DA:67,0
DA:68,0
DA:69,0
DA:72,0
DA:73,0
DA:77,0
DA:78,0
DA:79,0
DA:83,0
DA:84,0
DA:85,0
DA:86,0
DA:87,0
DA:88,0
DA:89,0
DA:90,0
DA:92,0
DA:93,0
DA:95,0
DA:99,0
DA:100,0
DA:102,0
DA:103,0
DA:104,0
DA:109,0
DA:111,0
DA:112,0
DA:114,0
DA:115,0
DA:117,0
DA:120,0
DA:121,0
DA:123,0
DA:127,0
DA:128,0
DA:130,0
DA:131,0
DA:132,0
DA:137,0
DA:139,0
DA:140,0
DA:141,0
DA:142,0
DA:144,0
DA:147,0
DA:148,0
DA:150,0
DA:154,0
DA:155,0
DA:156,0
DA:159,0
DA:161,0
DA:162,0
DA:163,0
DA:164,0
DA:165,0
DA:167,0
DA:170,0
DA:171,0
DA:175,0
DA:176,0
DA:177,0
DA:178,0
DA:179,0
DA:183,0
DA:184,0
DA:187,0
DA:188,0
DA:191,0
DA:192,0
DA:194,0
DA:195,0
DA:197,0
DA:198,0
DA:201,0
DA:202,0
DA:205,0
DA:206,0
DA:209,0
DA:210,0
DA:213,0
DA:240,0
DA:258,0
DA:267,0
DA:279,0
DA:302,0
DA:311,0
DA:320,0
DA:329,0
DA:338,0
DA:347,0
LF:98
LH:0
BRDA:60,0,0,0
BRDA:78,1,0,0
BRDA:78,1,1,0
BRDA:78,2,0,0
BRDA:78,2,1,0
BRDA:100,3,0,0
BRDA:100,3,1,0
BRDA:112,4,0,0
BRDA:112,4,1,0
BRDA:114,5,0,0
BRDA:114,5,1,0
BRDA:128,6,0,0
BRDA:128,6,1,0
BRDA:139,7,0,0
BRDA:139,7,1,0
BRDA:144,8,0,0
BRDA:144,8,1,0
BRDA:161,9,0,0
BRDA:161,9,1,0
BRDA:176,10,0,0
BRDA:176,10,1,0
BRDA:192,11,0,0
BRDA:192,11,1,0
BRDA:205,12,0,0
BRDA:205,12,1,0
BRDA:209,13,0,0
BRDA:209,13,1,0
BRDA:226,14,0,0
BRDA:226,14,1,0
BRDA:227,15,0,0
BRDA:227,15,1,0
BRDA:235,16,0,0
BRDA:235,16,1,0
BRDA:361,17,0,0
BRDA:361,17,1,0
BRDA:363,18,0,0
BRDA:363,18,1,0
BRDA:368,19,0,0
BRDA:368,19,1,0
BRDA:377,20,0,0
BRDA:377,20,1,0
BRF:41
BRH:0
end_of_record
TN:
SF:src/components/ConfigPanel.js
FN:56,ConfigPanel
FN:61,(anonymous_1)
FN:61,(anonymous_2)
FN:61,(anonymous_3)
FN:85,(anonymous_4)
FN:87,(anonymous_5)
FN:93,(anonymous_6)
FN:99,(anonymous_7)
FN:122,(anonymous_8)
FN:129,(anonymous_9)
FN:143,(anonymous_10)
FN:161,(anonymous_11)
FN:162,(anonymous_12)
FN:180,(anonymous_13)
FN:183,(anonymous_14)
FN:202,(anonymous_15)
FN:203,(anonymous_16)
FN:207,(anonymous_17)
FN:238,(anonymous_18)
FN:252,(anonymous_19)
FN:258,(anonymous_20)
FN:267,(anonymous_21)
FN:309,(anonymous_22)
FN:312,(anonymous_23)
FN:316,(anonymous_24)
FN:318,(anonymous_25)
FN:319,(anonymous_26)
FN:583,(anonymous_27)
FN:591,(anonymous_28)
FN:610,(anonymous_29)
FN:611,(anonymous_30)
FN:617,(anonymous_31)
FN:627,(anonymous_32)
FN:635,(anonymous_33)
FN:643,(anonymous_34)
FN:650,(anonymous_35)
FN:657,(anonymous_36)
FN:658,(anonymous_37)
FN:670,(anonymous_38)
FN:682,(anonymous_39)
FN:703,(anonymous_40)
FN:732,(anonymous_41)
FN:780,(anonymous_42)
FN:848,(anonymous_43)
FN:869,(anonymous_44)
FN:924,(anonymous_45)
FN:981,(anonymous_46)
FN:1063,(anonymous_47)
FN:1112,(anonymous_48)
FN:1147,(anonymous_49)
FN:1166,(anonymous_50)
FN:1184,(anonymous_51)
FN:1334,(anonymous_52)
FN:1343,(anonymous_53)
FN:1362,(anonymous_54)
FN:1387,(anonymous_55)
FN:1430,(anonymous_56)
FN:1447,(anonymous_57)
FN:1460,(anonymous_58)
FN:1467,(anonymous_59)
FN:1490,(anonymous_60)
FN:1494,(anonymous_61)
FN:1557,(anonymous_62)
FNF:63
FNH:0
FNDA:0,ConfigPanel
FNDA:0,(anonymous_1)
FNDA:0,(anonymous_2)
FNDA:0,(anonymous_3)
FNDA:0,(anonymous_4)
FNDA:0,(anonymous_5)
FNDA:0,(anonymous_6)
FNDA:0,(anonymous_7)
FNDA:0,(anonymous_8)
FNDA:0,(anonymous_9)
FNDA:0,(anonymous_10)
FNDA:0,(anonymous_11)
FNDA:0,(anonymous_12)
FNDA:0,(anonymous_13)
FNDA:0,(anonymous_14)
FNDA:0,(anonymous_15)
FNDA:0,(anonymous_16)
FNDA:0,(anonymous_17)
FNDA:0,(anonymous_18)
FNDA:0,(anonymous_19)
FNDA:0,(anonymous_20)
FNDA:0,(anonymous_21)
FNDA:0,(anonymous_22)
FNDA:0,(anonymous_23)
FNDA:0,(anonymous_24)
FNDA:0,(anonymous_25)
FNDA:0,(anonymous_26)
FNDA:0,(anonymous_27)
FNDA:0,(anonymous_28)
FNDA:0,(anonymous_29)
FNDA:0,(anonymous_30)
FNDA:0,(anonymous_31)
FNDA:0,(anonymous_32)
FNDA:0,(anonymous_33)
FNDA:0,(anonymous_34)
FNDA:0,(anonymous_35)
FNDA:0,(anonymous_36)
FNDA:0,(anonymous_37)
FNDA:0,(anonymous_38)
FNDA:0,(anonymous_39)
FNDA:0,(anonymous_40)
FNDA:0,(anonymous_41)
FNDA:0,(anonymous_42)
FNDA:0,(anonymous_43)
FNDA:0,(anonymous_44)
FNDA:0,(anonymous_45)
FNDA:0,(anonymous_46)
FNDA:0,(anonymous_47)
FNDA:0,(anonymous_48)
FNDA:0,(anonymous_49)
FNDA:0,(anonymous_50)
FNDA:0,(anonymous_51)
FNDA:0,(anonymous_52)
FNDA:0,(anonymous_53)
FNDA:0,(anonymous_54)
FNDA:0,(anonymous_55)
FNDA:0,(anonymous_56)
FNDA:0,(anonymous_57)
FNDA:0,(anonymous_58)
FNDA:0,(anonymous_59)
FNDA:0,(anonymous_60)
FNDA:0,(anonymous_61)
FNDA:0,(anonymous_62)
DA:57,0
DA:58,0
DA:59,0
DA:60,0
DA:61,0
DA:62,0
DA:63,0
DA:64,0
DA:65,0
DA:66,0
DA:67,0
DA:70,0
DA:71,0
DA:72,0
DA:73,0
DA:76,0
DA:77,0
DA:80,0
DA:81,0
DA:82,0
DA:83,0
DA:85,0
DA:86,0
DA:87,0
DA:88,0
DA:90,0
DA:93,0
DA:94,0
DA:95,0
DA:99,0
DA:100,0
DA:101,0
DA:103,0
DA:104,0
DA:105,0
DA:106,0
DA:107,0
DA:110,0
DA:111,0
DA:115,0
DA:117,0
DA:122,0
DA:123,0
DA:124,0
DA:129,0
DA:130,0
DA:132,0
DA:133,0
DA:134,0
DA:137,0
DA:138,0
DA:143,0
DA:144,0
DA:145,0
DA:146,0
DA:147,0
DA:149,0
DA:150,0
DA:152,0
DA:153,0
DA:155,0
DA:161,0
DA:162,0
DA:163,0
DA:164,0
DA:165,0
DA:166,0
DA:167,0
DA:168,0
DA:170,0
DA:171,0
DA:174,0
DA:178,0
DA:179,0
DA:180,0
DA:183,0
DA:184,0
DA:185,0
DA:190,0
DA:191,0
DA:192,0
DA:193,0
DA:194,0
DA:197,0
DA:198,0
DA:202,0
DA:203,0
DA:204,0
DA:207,0
DA:210,0
DA:212,0
DA:213,0
DA:214,0
DA:215,0
DA:216,0
DA:217,0
DA:220,0
DA:221,0
DA:225,0
DA:229,0
DA:230,0
DA:231,0
DA:232,0
DA:233,0
DA:234,0
DA:238,0
DA:239,0
DA:242,0
DA:244,0
DA:245,0
DA:248,0
DA:249,0
DA:252,0
DA:253,0
DA:254,0
DA:255,0
DA:258,0
DA:259,0
DA:260,0
DA:262,0
DA:264,0
DA:267,0
DA:268,0
DA:282,0
DA:284,0
DA:285,0
DA:290,0
DA:292,0
DA:293,0
DA:301,0
DA:304,0
DA:305,0
DA:309,0
DA:310,0
DA:311,0
DA:312,0
DA:316,0
DA:317,0
DA:318,0
DA:319,0
DA:320,0
DA:322,0
DA:326,0
DA:390,0
DA:583,0
DA:584,0
DA:591,0
DA:592,0
DA:593,0
DA:594,0
DA:595,0
DA:597,0
DA:598,0
DA:600,0
DA:602,0
DA:606,0
DA:610,0
DA:611,0
DA:612,0
DA:615,0
DA:616,0
DA:617,0
DA:618,0
DA:626,0
DA:627,0
DA:628,0
DA:629,0
DA:630,0
DA:632,0
DA:633,0
DA:634,0
DA:635,0
DA:638,0
DA:642,0
DA:643,0
DA:646,0
DA:650,0
DA:651,0
DA:652,0
DA:653,0
DA:657,0
DA:658,0
DA:662,0
DA:670,0
DA:671,0
DA:672,0
DA:673,0
DA:674,0
DA:675,0
DA:678,0
DA:680,0
DA:682,0
DA:683,0
DA:684,0
DA:685,0
DA:687,0
DA:703,0
DA:722,0
DA:732,0
DA:780,0
DA:848,0
DA:869,0
DA:870,0
DA:871,0
DA:874,0
DA:875,0
DA:876,0
DA:924,0
DA:945,0
DA:946,0
DA:981,0
DA:1007,0
DA:1008,0
DA:1009,0
DA:1063,0
DA:1080,0
DA:1112,0
DA:1147,0
DA:1166,0
DA:1184,0
DA:1186,0
DA:1334,0
DA:1343,0
DA:1362,0
DA:1387,0
DA:1431,0
DA:1447,0
DA:1461,0
DA:1467,0
DA:1491,0
DA:1494,0
DA:1495,0
DA:1496,0
DA:1497,0
DA:1501,0
DA:1503,0
DA:1558,0
LF:237
LH:0
BRDA:56,0,0,0
BRDA:60,1,0,0
BRDA:60,1,1,0
BRDA:87,2,0,0
BRDA:87,2,1,0
BRDA:88,3,0,0
BRDA:88,3,1,0
BRDA:100,4,0,0
BRDA:100,4,1,0
BRDA:101,5,0,0
BRDA:101,5,1,0
BRDA:106,6,0,0
BRDA:106,6,1,0
BRDA:107,7,0,0
BRDA:107,7,1,0
BRDA:110,8,0,0
BRDA:110,8,1,0
BRDA:110,9,0,0
BRDA:110,9,1,0
BRDA:111,10,0,0
BRDA:111,10,1,0
BRDA:123,11,0,0
BRDA:123,11,1,0
BRDA:123,12,0,0
BRDA:123,12,1,0
BRDA:130,13,0,0
BRDA:130,13,1,0
BRDA:132,14,0,0
BRDA:132,14,1,0
BRDA:134,15,0,0
BRDA:134,15,1,0
BRDA:144,16,0,0
BRDA:144,16,1,0
BRDA:144,17,0,0
BRDA:144,17,1,0
BRDA:145,18,0,0
BRDA:145,18,1,0
BRDA:147,19,0,0
BRDA:147,19,1,0
BRDA:152,20,0,0
BRDA:152,20,1,0
BRDA:166,21,0,0
BRDA:166,21,1,0
BRDA:166,22,0,0
BRDA:166,22,1,0
BRDA:191,23,0,0
BRDA:191,23,1,0
BRDA:210,24,0,0
BRDA:210,24,1,0
BRDA:214,25,0,0
BRDA:214,25,1,0
BRDA:229,26,0,0
BRDA:229,26,1,0
BRDA:233,27,0,0
BRDA:233,27,1,0
BRDA:244,28,0,0
BRDA:244,28,1,0
BRDA:259,29,0,0
BRDA:259,29,1,0
BRDA:282,30,0,0
BRDA:282,30,1,0
BRDA:292,31,0,0
BRDA:292,31,1,0
BRDA:296,32,0,0
BRDA:296,32,1,0
BRDA:297,33,0,0
BRDA:297,33,1,0
BRDA:301,34,0,0
BRDA:301,34,1,0
BRDA:317,35,0,0
BRDA:317,35,1,0
BRDA:320,36,0,0
BRDA:320,36,1,0
BRDA:320,37,0,0
BRDA:320,37,1,0
BRDA:593,38,0,0
BRDA:593,38,1,0
BRDA:593,39,0,0
BRDA:593,39,1,0
BRDA:595,40,0,0
BRDA:595,40,1,0
BRDA:595,41,0,0
BRDA:595,41,1,0
BRDA:595,41,2,0
BRDA:595,41,3,0
BRDA:598,42,0,0
BRDA:598,42,1,0
BRDA:598,43,0,0
BRDA:598,43,1,0
BRDA:598,43,2,0
BRDA:598,43,3,0
BRDA:615,44,0,0
BRDA:615,44,1,0
BRDA:618,45,0,0
BRDA:618,45,1,0
BRDA:618,45,2,0
BRDA:618,45,3,0
BRDA:620,46,0,0
BRDA:620,46,1,0
BRDA:626,47,0,0
BRDA:626,47,1,0
BRDA:628,48,0,0
BRDA:628,48,1,0
BRDA:629,49,0,0
BRDA:629,49,1,0
BRDA:632,50,0,0
BRDA:632,50,1,0
BRDA:633,51,0,0
BRDA:633,51,1,0
BRDA:634,52,0,0
BRDA:634,52,1,0
BRDA:642,53,0,0
BRDA:642,53,1,0
BRDA:642,54,0,0
BRDA:642,54,1,0
BRDA:653,55,0,0
BRDA:653,55,1,0
BRDA:658,56,0,0
BRDA:658,56,1,0
BRDA:671,57,0,0
BRDA:671,57,1,0
BRDA:673,58,0,0
BRDA:673,58,1,0
BRDA:674,59,0,0
BRDA:674,59,1,0
BRDA:682,60,0,0
BRDA:682,61,0,0
BRDA:683,62,0,0
BRDA:683,62,1,0
BRDA:684,63,0,0
BRDA:684,63,1,0
BRDA:685,64,0,0
BRDA:685,64,1,0
BRDA:693,65,0,0
BRDA:693,65,1,0
BRDA:704,66,0,0
BRDA:704,66,1,0
BRDA:707,67,0,0
BRDA:707,67,1,0
BRDA:712,68,0,0
BRDA:712,68,1,0
BRDA:713,69,0,0
BRDA:713,69,1,0
BRDA:732,70,0,0
BRDA:732,70,1,0
BRDA:739,71,0,0
BRDA:739,71,1,0
BRDA:740,72,0,0
BRDA:740,72,1,0
BRDA:743,73,0,0
BRDA:743,73,1,0
BRDA:744,74,0,0
BRDA:744,74,1,0
BRDA:752,75,0,0
BRDA:752,75,1,0
BRDA:753,76,0,0
BRDA:753,76,1,0
BRDA:756,77,0,0
BRDA:756,77,1,0
BRDA:757,78,0,0
BRDA:757,78,1,0
BRDA:763,79,0,0
BRDA:763,79,1,0
BRDA:780,80,0,0
BRDA:780,80,1,0
BRDA:787,81,0,0
BRDA:787,81,1,0
BRDA:788,82,0,0
BRDA:788,82,1,0
BRDA:791,83,0,0
BRDA:791,83,1,0
BRDA:792,84,0,0
BRDA:792,84,1,0
BRDA:801,85,0,0
BRDA:801,85,1,0
BRDA:802,86,0,0
BRDA:802,86,1,0
BRDA:805,87,0,0
BRDA:805,87,1,0
BRDA:806,88,0,0
BRDA:806,88,1,0
BRDA:825,89,0,0
BRDA:825,89,1,0
BRDA:830,90,0,0
BRDA:830,90,1,0
BRDA:830,91,0,0
BRDA:830,91,1,0
BRDA:849,92,0,0
BRDA:849,92,1,0
BRDA:858,93,0,0
BRDA:858,93,1,0
BRDA:870,94,0,0
BRDA:870,94,1,0
BRDA:871,95,0,0
BRDA:871,95,1,0
BRDA:874,96,0,0
BRDA:874,96,1,0
BRDA:885,97,0,0
BRDA:885,97,1,0
BRDA:888,98,0,0
BRDA:888,98,1,0
BRDA:896,99,0,0
BRDA:896,99,1,0
BRDA:922,100,0,0
BRDA:922,100,1,0
BRDA:924,101,0,0
BRDA:924,101,1,0
BRDA:926,102,0,0
BRDA:926,102,1,0
BRDA:934,103,0,0
BRDA:934,103,1,0
BRDA:945,104,0,0
BRDA:945,104,1,0
BRDA:952,105,0,0
BRDA:952,105,1,0
BRDA:988,106,0,0
BRDA:988,106,1,0
BRDA:989,107,0,0
BRDA:989,107,1,0
BRDA:996,108,0,0
BRDA:996,108,1,0
BRDA:998,109,0,0
BRDA:998,109,1,0
BRDA:1000,110,0,0
BRDA:1000,110,1,0
BRDA:1007,111,0,0
BRDA:1007,111,1,0
BRDA:1008,112,0,0
BRDA:1008,112,1,0
BRDA:1008,112,2,0
BRDA:1008,112,3,0
BRDA:1015,113,0,0
BRDA:1015,113,1,0
BRDA:1046,114,0,0
BRDA:1046,114,1,0
BRDA:1049,115,0,0
BRDA:1049,115,1,0
BRDA:1058,116,0,0
BRDA:1058,116,1,0
BRDA:1061,117,0,0
BRDA:1061,117,1,0
BRDA:1063,118,0,0
BRDA:1063,118,1,0
BRDA:1065,119,0,0
BRDA:1065,119,1,0
BRDA:1066,120,0,0
BRDA:1066,120,1,0
BRDA:1071,121,0,0
BRDA:1071,121,1,0
BRDA:1087,122,0,0
BRDA:1087,122,1,0
BRDA:1114,123,0,0
BRDA:1114,123,1,0
BRDA:1120,124,0,0
BRDA:1120,124,1,0
BRDA:1121,125,0,0
BRDA:1121,125,1,0
BRDA:1122,126,0,0
BRDA:1122,126,1,0
BRDA:1133,127,0,0
BRDA:1133,127,1,0
BRDA:1136,128,0,0
BRDA:1136,128,1,0
BRDA:1149,129,0,0
BRDA:1149,129,1,0
BRDA:1155,130,0,0
BRDA:1155,130,1,0
BRDA:1157,131,0,0
BRDA:1157,131,1,0
BRDA:1169,132,0,0
BRDA:1169,132,1,0
BRDA:1184,133,0,0
BRDA:1184,133,1,0
BRDA:1184,134,0,0
BRDA:1184,134,1,0
BRDA:1195,135,0,0
BRDA:1195,135,1,0
BRDA:1199,136,0,0
BRDA:1199,136,1,0
BRDA:1205,137,0,0
BRDA:1205,137,1,0
BRDA:1241,138,0,0
BRDA:1241,138,1,0
BRDA:1241,138,2,0
BRDA:1268,139,0,0
BRDA:1268,139,1,0
BRDA:1268,139,2,0
BRDA:1271,140,0,0
BRDA:1271,140,1,0
BRDA:1275,141,0,0
BRDA:1275,141,1,0
BRDA:1281,142,0,0
BRDA:1281,142,1,0
BRDA:1287,143,0,0
BRDA:1287,143,1,0
BRDA:1301,144,0,0
BRDA:1301,144,1,0
BRDA:1341,145,0,0
BRDA:1341,145,1,0
BRDA:1362,146,0,0
BRDA:1362,146,1,0
BRDA:1384,147,0,0
BRDA:1384,147,1,0
BRDA:1387,148,0,0
BRDA:1387,148,1,0
BRDA:1395,149,0,0
BRDA:1395,149,1,0
BRDA:1421,150,0,0
BRDA:1421,150,1,0
BRDA:1433,151,0,0
BRDA:1433,151,1,0
BRDA:1480,152,0,0
BRDA:1480,152,1,0
BRDA:1483,153,0,0
BRDA:1483,153,1,0
BRDA:1483,154,0,0
BRDA:1483,154,1,0
BRDA:1491,155,0,0
BRDA:1491,155,1,0
BRDA:1495,156,0,0
BRDA:1495,156,1,0
BRDA:1496,157,0,0
BRDA:1496,157,1,0
BRDA:1528,158,0,0
BRDA:1528,158,1,0
BRDA:1544,159,0,0
BRDA:1544,159,1,0
BRDA:1553,160,0,0
BRDA:1553,160,1,0
BRF:329
BRH:0
end_of_record
TN:
SF:src/components/ConfigPanel_Backup_Nov2.js
FN:50,ConfigPanel
FN:64,(anonymous_1)
FN:66,(anonymous_2)
FN:72,(anonymous_3)
FN:77,(anonymous_4)
FN:78,(anonymous_5)
FN:82,(anonymous_6)
FN:95,(anonymous_7)
FN:109,(anonymous_8)
FN:115,(anonymous_9)
FN:120,(anonymous_10)
FN:123,(anonymous_11)
FN:127,(anonymous_12)
FN:129,(anonymous_13)
FN:130,(anonymous_14)
FN:396,(anonymous_15)
FN:404,(anonymous_16)
FN:423,(anonymous_17)
FN:424,(anonymous_18)
FN:430,(anonymous_19)
FN:440,(anonymous_20)
FN:448,(anonymous_21)
FN:456,(anonymous_22)
FN:463,(anonymous_23)
FN:470,(anonymous_24)
FN:471,(anonymous_25)
FN:483,(anonymous_26)
FN:495,(anonymous_27)
FN:516,(anonymous_28)
FN:545,(anonymous_29)
FN:613,(anonymous_30)
FN:634,(anonymous_31)
FN:689,(anonymous_32)
FN:746,(anonymous_33)
FN:828,(anonymous_34)
FN:877,(anonymous_35)
FN:912,(anonymous_36)
FN:931,(anonymous_37)
FN:949,(anonymous_38)
FN:1002,(anonymous_39)
FN:1011,(anonymous_40)
FN:1030,(anonymous_41)
FN:1055,(anonymous_42)
FN:1098,(anonymous_43)
FN:1115,(anonymous_44)
FN:1128,(anonymous_45)
FN:1135,(anonymous_46)
FN:1158,(anonymous_47)
FN:1162,(anonymous_48)
FN:1219,(anonymous_49)
FNF:50
FNH:0
FNDA:0,ConfigPanel
FNDA:0,(anonymous_1)
FNDA:0,(anonymous_2)
FNDA:0,(anonymous_3)
FNDA:0,(anonymous_4)
FNDA:0,(anonymous_5)
FNDA:0,(anonymous_6)
FNDA:0,(anonymous_7)
FNDA:0,(anonymous_8)
FNDA:0,(anonymous_9)
FNDA:0,(anonymous_10)
FNDA:0,(anonymous_11)
FNDA:0,(anonymous_12)
FNDA:0,(anonymous_13)
FNDA:0,(anonymous_14)
FNDA:0,(anonymous_15)
FNDA:0,(anonymous_16)
FNDA:0,(anonymous_17)
FNDA:0,(anonymous_18)
FNDA:0,(anonymous_19)
FNDA:0,(anonymous_20)
FNDA:0,(anonymous_21)
FNDA:0,(anonymous_22)
FNDA:0,(anonymous_23)
FNDA:0,(anonymous_24)
FNDA:0,(anonymous_25)
FNDA:0,(anonymous_26)
FNDA:0,(anonymous_27)
FNDA:0,(anonymous_28)
FNDA:0,(anonymous_29)
FNDA:0,(anonymous_30)
FNDA:0,(anonymous_31)
FNDA:0,(anonymous_32)
FNDA:0,(anonymous_33)
FNDA:0,(anonymous_34)
FNDA:0,(anonymous_35)
FNDA:0,(anonymous_36)
FNDA:0,(anonymous_37)
FNDA:0,(anonymous_38)
FNDA:0,(anonymous_39)
FNDA:0,(anonymous_40)
FNDA:0,(anonymous_41)
FNDA:0,(anonymous_42)
FNDA:0,(anonymous_43)
FNDA:0,(anonymous_44)
FNDA:0,(anonymous_45)
FNDA:0,(anonymous_46)
FNDA:0,(anonymous_47)
FNDA:0,(anonymous_48)
FNDA:0,(anonymous_49)
DA:51,0
DA:52,0
DA:53,0
DA:54,0
DA:55,0
DA:56,0
DA:59,0
DA:60,0
DA:61,0
DA:62,0
DA:64,0
DA:65,0
DA:66,0
DA:67,0
DA:69,0
DA:72,0
DA:73,0
DA:74,0
DA:77,0
DA:78,0
DA:79,0
DA:82,0
DA:83,0
DA:86,0
DA:87,0
DA:88,0
DA:89,0
DA:90,0
DA:91,0
DA:95,0
DA:96,0
DA:99,0
DA:101,0
DA:102,0
DA:105,0
DA:106,0
DA:109,0
DA:110,0
DA:111,0
DA:112,0
DA:115,0
DA:116,0
DA:117,0
DA:120,0
DA:121,0
DA:122,0
DA:123,0
DA:127,0
DA:128,0
DA:129,0
DA:130,0
DA:131,0
DA:133,0
DA:137,0
DA:202,0
DA:396,0
DA:397,0
DA:404,0
DA:405,0
DA:406,0
DA:407,0
DA:408,0
DA:410,0
DA:411,0
DA:413,0
DA:415,0
DA:419,0
DA:423,0
DA:424,0
DA:425,0
DA:428,0
DA:429,0
DA:430,0
DA:431,0
DA:439,0
DA:440,0
DA:441,0
DA:442,0
DA:443,0
DA:445,0
DA:446,0
DA:447,0
DA:448,0
DA:451,0
DA:455,0
DA:456,0
DA:459,0
DA:463,0
DA:464,0
DA:465,0
DA:466,0
DA:470,0
DA:471,0
DA:475,0
DA:483,0
DA:484,0
DA:485,0
DA:486,0
DA:487,0
DA:488,0
DA:491,0
DA:493,0
DA:495,0
DA:496,0
DA:497,0
DA:498,0
DA:500,0
DA:516,0
DA:535,0
DA:545,0
DA:613,0
DA:634,0
DA:635,0
DA:636,0
DA:639,0
DA:640,0
DA:641,0
DA:689,0
DA:710,0
DA:711,0
DA:746,0
DA:772,0
DA:773,0
DA:774,0
DA:828,0
DA:845,0
DA:877,0
DA:912,0
DA:931,0
DA:949,0
DA:951,0
DA:1002,0
DA:1011,0
DA:1030,0
DA:1055,0
DA:1099,0
DA:1115,0
DA:1129,0
DA:1135,0
DA:1159,0
DA:1162,0
DA:1163,0
DA:1164,0
DA:1165,0
DA:1168,0
DA:1220,0
LF:146
LH:0
BRDA:50,0,0,0
BRDA:66,1,0,0
BRDA:66,1,1,0
BRDA:67,2,0,0
BRDA:67,2,1,0
BRDA:86,3,0,0
BRDA:86,3,1,0
BRDA:90,4,0,0
BRDA:90,4,1,0
BRDA:101,5,0,0
BRDA:101,5,1,0
BRDA:128,6,0,0
BRDA:128,6,1,0
BRDA:131,7,0,0
BRDA:131,7,1,0
BRDA:131,8,0,0
BRDA:131,8,1,0
BRDA:406,9,0,0
BRDA:406,9,1,0
BRDA:406,10,0,0
BRDA:406,10,1,0
BRDA:408,11,0,0
BRDA:408,11,1,0
BRDA:408,12,0,0
BRDA:408,12,1,0
BRDA:408,12,2,0
BRDA:408,12,3,0
BRDA:411,13,0,0
BRDA:411,13,1,0
BRDA:411,14,0,0
BRDA:411,14,1,0
BRDA:411,14,2,0
BRDA:411,14,3,0
BRDA:428,15,0,0
BRDA:428,15,1,0
BRDA:431,16,0,0
BRDA:431,16,1,0
BRDA:431,16,2,0
BRDA:431,16,3,0
BRDA:433,17,0,0
BRDA:433,17,1,0
BRDA:439,18,0,0
BRDA:439,18,1,0
BRDA:441,19,0,0
BRDA:441,19,1,0
BRDA:442,20,0,0
BRDA:442,20,1,0
BRDA:445,21,0,0
BRDA:445,21,1,0
BRDA:446,22,0,0
BRDA:446,22,1,0
BRDA:447,23,0,0
BRDA:447,23,1,0
BRDA:455,24,0,0
BRDA:455,24,1,0
BRDA:455,25,0,0
BRDA:455,25,1,0
BRDA:466,26,0,0
BRDA:466,26,1,0
BRDA:471,27,0,0
BRDA:471,27,1,0
BRDA:484,28,0,0
BRDA:484,28,1,0
BRDA:486,29,0,0
BRDA:486,29,1,0
BRDA:487,30,0,0
BRDA:487,30,1,0
BRDA:495,31,0,0
BRDA:495,32,0,0
BRDA:496,33,0,0
BRDA:496,33,1,0
BRDA:497,34,0,0
BRDA:497,34,1,0
BRDA:498,35,0,0
BRDA:498,35,1,0
BRDA:506,36,0,0
BRDA:506,36,1,0
BRDA:517,37,0,0
BRDA:517,37,1,0
BRDA:520,38,0,0
BRDA:520,38,1,0
BRDA:525,39,0,0
BRDA:525,39,1,0
BRDA:526,40,0,0
BRDA:526,40,1,0
BRDA:545,41,0,0
BRDA:545,41,1,0
BRDA:552,42,0,0
BRDA:552,42,1,0
BRDA:553,43,0,0
BRDA:553,43,1,0
BRDA:556,44,0,0
BRDA:556,44,1,0
BRDA:557,45,0,0
BRDA:557,45,1,0
BRDA:566,46,0,0
BRDA:566,46,1,0
BRDA:567,47,0,0
BRDA:567,47,1,0
BRDA:570,48,0,0
BRDA:570,48,1,0
BRDA:571,49,0,0
BRDA:571,49,1,0
BRDA:590,50,0,0
BRDA:590,50,1,0
BRDA:595,51,0,0
BRDA:595,51,1,0
BRDA:595,52,0,0
BRDA:595,52,1,0
BRDA:614,53,0,0
BRDA:614,53,1,0
BRDA:623,54,0,0
BRDA:623,54,1,0
BRDA:635,55,0,0
BRDA:635,55,1,0
BRDA:636,56,0,0
BRDA:636,56,1,0
BRDA:639,57,0,0
BRDA:639,57,1,0
BRDA:650,58,0,0
BRDA:650,58,1,0
BRDA:653,59,0,0
BRDA:653,59,1,0
BRDA:661,60,0,0
BRDA:661,60,1,0
BRDA:687,61,0,0
BRDA:687,61,1,0
BRDA:689,62,0,0
BRDA:689,62,1,0
BRDA:691,63,0,0
BRDA:691,63,1,0
BRDA:699,64,0,0
BRDA:699,64,1,0
BRDA:710,65,0,0
BRDA:710,65,1,0
BRDA:717,66,0,0
BRDA:717,66,1,0
BRDA:753,67,0,0
BRDA:753,67,1,0
BRDA:754,68,0,0
BRDA:754,68,1,0
BRDA:761,69,0,0
BRDA:761,69,1,0
BRDA:763,70,0,0
BRDA:763,70,1,0
BRDA:765,71,0,0
BRDA:765,71,1,0
BRDA:772,72,0,0
BRDA:772,72,1,0
BRDA:773,73,0,0
BRDA:773,73,1,0
BRDA:773,73,2,0
BRDA:773,73,3,0
BRDA:780,74,0,0
BRDA:780,74,1,0
BRDA:811,75,0,0
BRDA:811,75,1,0
BRDA:814,76,0,0
BRDA:814,76,1,0
BRDA:823,77,0,0
BRDA:823,77,1,0
BRDA:826,78,0,0
BRDA:826,78,1,0
BRDA:828,79,0,0
BRDA:828,79,1,0
BRDA:830,80,0,0
BRDA:830,80,1,0
BRDA:831,81,0,0
BRDA:831,81,1,0
BRDA:836,82,0,0
BRDA:836,82,1,0
BRDA:852,83,0,0
BRDA:852,83,1,0
BRDA:879,84,0,0
BRDA:879,84,1,0
BRDA:885,85,0,0
BRDA:885,85,1,0
BRDA:886,86,0,0
BRDA:886,86,1,0
BRDA:887,87,0,0
BRDA:887,87,1,0
BRDA:898,88,0,0
BRDA:898,88,1,0
BRDA:901,89,0,0
BRDA:901,89,1,0
BRDA:914,90,0,0
BRDA:914,90,1,0
BRDA:920,91,0,0
BRDA:920,91,1,0
BRDA:922,92,0,0
BRDA:922,92,1,0
BRDA:934,93,0,0
BRDA:934,93,1,0
BRDA:949,94,0,0
BRDA:949,94,1,0
BRDA:949,95,0,0
BRDA:949,95,1,0
BRDA:969,96,0,0
BRDA:969,96,1,0
BRDA:978,97,0,0
BRDA:978,97,1,0
BRDA:1009,98,0,0
BRDA:1009,98,1,0
BRDA:1030,99,0,0
BRDA:1030,99,1,0
BRDA:1052,100,0,0
BRDA:1052,100,1,0
BRDA:1055,101,0,0
BRDA:1055,101,1,0
BRDA:1063,102,0,0
BRDA:1063,102,1,0
BRDA:1089,103,0,0
BRDA:1089,103,1,0
BRDA:1101,104,0,0
BRDA:1101,104,1,0
BRDA:1148,105,0,0
BRDA:1148,105,1,0
BRDA:1151,106,0,0
BRDA:1151,106,1,0
BRDA:1151,107,0,0
BRDA:1151,107,1,0
BRDA:1159,108,0,0
BRDA:1159,108,1,0
BRDA:1163,109,0,0
BRDA:1163,109,1,0
BRDA:1164,110,0,0
BRDA:1164,110,1,0
BRDA:1190,111,0,0
BRDA:1190,111,1,0
BRDA:1206,112,0,0
BRDA:1206,112,1,0
BRDA:1215,113,0,0
BRDA:1215,113,1,0
BRF:233
BRH:0
end_of_record
TN:
SF:src/components/ConfigSection.js
FN:20,ConfigSection
FN:28,(anonymous_1)
FN:32,(anonymous_2)
FN:39,(anonymous_3)
FN:54,(anonymous_4)
FN:86,(anonymous_5)
FN:96,(anonymous_6)
FN:103,(anonymous_7)
FN:112,(anonymous_8)
FN:128,(anonymous_9)
FN:154,(anonymous_10)
FN:174,(anonymous_11)
FN:176,(anonymous_12)
FN:194,(anonymous_13)
FN:228,(anonymous_14)
FN:260,(anonymous_15)
FN:284,(anonymous_16)
FNF:17
FNH:0
FNDA:0,ConfigSection
FNDA:0,(anonymous_1)
FNDA:0,(anonymous_2)
FNDA:0,(anonymous_3)
FNDA:0,(anonymous_4)
FNDA:0,(anonymous_5)
FNDA:0,(anonymous_6)
FNDA:0,(anonymous_7)
FNDA:0,(anonymous_8)
FNDA:0,(anonymous_9)
FNDA:0,(anonymous_10)
FNDA:0,(anonymous_11)
FNDA:0,(anonymous_12)
FNDA:0,(anonymous_13)
FNDA:0,(anonymous_14)
FNDA:0,(anonymous_15)
FNDA:0,(anonymous_16)
DA:21,0
DA:22,0
DA:23,0
DA:24,0
DA:25,0
DA:28,0
DA:29,0
DA:32,0
DA:33,0
DA:34,0
DA:35,0
DA:36,0
DA:38,0
DA:39,0
DA:40,0
DA:41,0
DA:44,0
DA:45,0
DA:48,0
DA:50,0
DA:54,0
DA:55,0
DA:56,0
DA:57,0
DA:58,0
DA:59,0
DA:65,0
DA:67,0
DA:75,0
DA:82,0
DA:86,0
DA:87,0
DA:88,0
DA:96,0
DA:97,0
DA:100,0
DA:103,0
DA:104,0
DA:107,0
DA:108,0
DA:113,0
DA:115,0
DA:117,0
DA:122,0
DA:128,0
DA:132,0
DA:145,0
DA:147,0
DA:148,0
DA:154,0
DA:164,0
DA:165,0
DA:174,0
DA:177,0
DA:185,0
DA:194,0
DA:202,0
DA:203,0
DA:206,0
DA:229,0
DA:260,0
DA:284,0
LF:62
LH:0
BRDA:20,0,0,0
BRDA:20,1,0,0
BRDA:36,2,0,0
BRDA:36,2,1,0
BRDA:40,3,0,0
BRDA:40,3,1,0
BRDA:58,4,0,0
BRDA:58,4,1,0
BRDA:104,5,0,0
BRDA:104,5,1,0
BRDA:115,6,0,0
BRDA:115,6,1,0
BRDA:128,7,0,0
BRDA:128,7,1,0
BRDA:145,8,0,0
BRDA:145,8,1,0
BRDA:145,8,2,0
BRDA:145,8,3,0
BRDA:147,9,0,0
BRDA:147,9,1,0
BRDA:147,10,0,0
BRDA:147,10,1,0
BRDA:153,11,0,0
BRDA:153,11,1,0
BRDA:153,11,2,0
BRDA:153,11,3,0
BRDA:154,12,0,0
BRDA:154,12,1,0
BRDA:164,13,0,0
BRDA:164,13,1,0
BRDA:195,14,0,0
BRDA:195,14,1,0
BRDA:202,15,0,0
BRDA:202,15,1,0
BRDA:213,16,0,0
BRDA:213,16,1,0
BRDA:221,17,0,0
BRDA:221,17,1,0
BRDA:229,18,0,0
BRDA:229,18,1,0
BRDA:241,19,0,0
BRDA:241,19,1,0
BRDA:249,20,0,0
BRDA:249,20,1,0
BRDA:251,21,0,0
BRDA:251,21,1,0
BRDA:271,22,0,0
BRDA:271,22,1,0
BRDA:272,23,0,0
BRDA:272,23,1,0
BRDA:273,24,0,0
BRDA:273,24,1,0
BRDA:274,25,0,0
BRDA:274,25,1,0
BRF:54
BRH:0
end_of_record
TN:
SF:src/components/ConfirmationDialog.js
FN:21,(anonymous_0)
FN:37,(anonymous_1)
FN:44,(anonymous_2)
FN:49,(anonymous_3)
FN:61,(anonymous_4)
FN:109,(anonymous_5)
FNF:6
FNH:0
FNDA:0,(anonymous_0)
FNDA:0,(anonymous_1)
FNDA:0,(anonymous_2)
FNDA:0,(anonymous_3)
FNDA:0,(anonymous_4)
FNDA:0,(anonymous_5)
DA:21,0
DA:35,0
DA:37,0
DA:38,0
DA:39,0
DA:41,0
DA:44,0
DA:45,0
DA:46,0
DA:49,0
DA:50,0
DA:52,0
DA:54,0
DA:57,0
DA:61,0
DA:62,0
DA:64,0
DA:66,0
DA:69,0
DA:73,0
DA:109,0
LF:21
LH:0
BRDA:27,0,0,0
BRDA:28,1,0,0
BRDA:29,2,0,0
BRDA:30,3,0,0
BRDA:31,4,0,0
BRDA:32,5,0,0
BRDA:38,6,0,0
BRDA:38,6,1,0
BRDA:38,7,0,0
BRDA:38,7,1,0
BRDA:50,8,0,0
BRDA:50,8,1,0
BRDA:50,8,2,0
BRDA:50,8,3,0
BRDA:62,9,0,0
BRDA:62,9,1,0
BRDA:62,9,2,0
BRDA:62,9,3,0
BRDA:100,10,0,0
BRDA:100,10,1,0
BRDA:113,11,0,0
BRDA:113,11,1,0
BRDA:131,12,0,0
BRDA:131,12,1,0
BRDA:131,12,2,0
BRDA:134,13,0,0
BRDA:134,13,1,0
BRF:27
BRH:0
end_of_record
TN:
SF:src/components/ConnectionStatusIndicator.js
FN:15,(anonymous_0)
FN:26,(anonymous_1)
FN:30,(anonymous_2)
FN:34,(anonymous_3)
FN:38,(anonymous_4)
FN:43,(anonymous_5)
FN:47,(anonymous_6)
FN:48,(anonymous_7)
FN:61,(anonymous_8)
FN:69,(anonymous_9)
FN:80,(anonymous_10)
FN:90,(anonymous_11)
FN:103,(anonymous_12)
FN:109,(anonymous_13)
FN:154,(anonymous_14)
FN:175,(anonymous_15)
FNF:16
FNH:0
FNDA:0,(anonymous_0)
FNDA:0,(anonymous_1)
FNDA:0,(anonymous_2)
FNDA:0,(anonymous_3)
FNDA:0,(anonymous_4)
FNDA:0,(anonymous_5)
FNDA:0,(anonymous_6)
FNDA:0,(anonymous_7)
FNDA:0,(anonymous_8)
FNDA:0,(anonymous_9)
FNDA:0,(anonymous_10)
FNDA:0,(anonymous_11)
FNDA:0,(anonymous_12)
FNDA:0,(anonymous_13)
FNDA:0,(anonymous_14)
FNDA:0,(anonymous_15)
DA:15,0
DA:16,0
DA:22,0
DA:23,0
DA:24,0
DA:26,0
DA:27,0
DA:30,0
DA:31,0
DA:34,0
DA:35,0
DA:38,0
DA:39,0
DA:40,0
DA:43,0
DA:44,0
DA:47,0
DA:48,0
DA:52,0
DA:53,0
DA:54,0
DA:55,0
DA:58,0
DA:61,0
DA:62,0
DA:63,0
DA:64,0
DA:65,0
DA:69,0
DA:70,0
DA:71,0
DA:72,0
DA:73,0
DA:75,0
DA:76,0
DA:77,0
DA:80,0
DA:81,0
DA:82,0
DA:83,0
DA:84,0
DA:86,0
DA:87,0
DA:90,0
DA:91,0
DA:92,0
DA:94,0
DA:95,0
DA:99,0
DA:100,0
DA:103,0
DA:104,0
DA:105,0
DA:106,0
DA:109,0
DA:110,0
DA:111,0
DA:115,0
DA:116,0
DA:118,0
DA:154,0
DA:175,0
LF:62
LH:0
BRDA:27,0,0,0
BRDA:27,0,1,0
BRDA:70,1,0,0
BRDA:70,1,1,0
BRDA:70,2,0,0
BRDA:70,2,1,0
BRDA:71,3,0,0
BRDA:71,3,1,0
BRDA:72,4,0,0
BRDA:72,4,1,0
BRDA:75,5,0,0
BRDA:75,5,1,0
BRDA:76,6,0,0
BRDA:76,6,1,0
BRDA:81,7,0,0
BRDA:81,7,1,0
BRDA:81,8,0,0
BRDA:81,8,1,0
BRDA:82,9,0,0
BRDA:82,9,1,0
BRDA:83,10,0,0
BRDA:83,10,1,0
BRDA:86,11,0,0
BRDA:86,11,1,0
BRDA:91,12,0,0
BRDA:91,12,1,0
BRDA:92,13,0,0
BRDA:92,13,1,0
BRDA:94,14,0,0
BRDA:94,14,1,0
BRDA:95,15,0,0
BRDA:95,15,1,0
BRDA:99,16,0,0
BRDA:99,16,1,0
BRDA:104,17,0,0
BRDA:104,17,1,0
BRDA:110,18,0,0
BRDA:110,18,1,0
BRDA:116,19,0,0
BRDA:116,19,1,0
BRDA:127,20,0,0
BRDA:127,20,1,0
BRDA:132,21,0,0
BRDA:132,21,1,0
BRDA:137,22,0,0
BRDA:137,22,1,0
BRDA:158,23,0,0
BRDA:158,23,1,0
BRDA:167,24,0,0
BRDA:167,24,1,0
BRDA:176,25,0,0
BRDA:176,25,1,0
BRDA:187,26,0,0
BRDA:187,26,1,0
BRDA:201,27,0,0
BRDA:201,27,1,0
BRDA:203,28,0,0
BRDA:203,28,1,0
BRDA:208,29,0,0
BRDA:208,29,1,0
BRDA:213,30,0,0
BRDA:213,30,1,0
BRDA:218,31,0,0
BRDA:218,31,1,0
BRDA:225,32,0,0
BRDA:225,32,1,0
BRDA:231,33,0,0
BRDA:231,33,1,0
BRF:68
BRH:0
end_of_record
TN:
SF:src/components/DocumentationPanel.js
FN:36,(anonymous_0)
FN:304,(anonymous_1)
FN:308,(anonymous_2)
FN:311,(anonymous_3)
FN:324,(anonymous_4)
FN:326,(anonymous_5)
FN:332,(anonymous_6)
FN:335,(anonymous_7)
FN:363,(anonymous_8)
FN:395,(anonymous_9)
FN:432,(anonymous_10)
FN:439,(anonymous_11)
FN:568,(anonymous_12)
FNF:13
FNH:0
FNDA:0,(anonymous_0)
FNDA:0,(anonymous_1)
FNDA:0,(anonymous_2)
FNDA:0,(anonymous_3)
FNDA:0,(anonymous_4)
FNDA:0,(anonymous_5)
FNDA:0,(anonymous_6)
FNDA:0,(anonymous_7)
FNDA:0,(anonymous_8)
FNDA:0,(anonymous_9)
FNDA:0,(anonymous_10)
FNDA:0,(anonymous_11)
FNDA:0,(anonymous_12)
DA:36,0
DA:37,0
DA:38,0
DA:39,0
DA:42,0
DA:304,0
DA:305,0
DA:306,0
DA:307,0
DA:308,0
DA:311,0
DA:313,0
DA:314,0
DA:315,0
DA:316,0
DA:317,0
DA:318,0
DA:319,0
DA:320,0
DA:324,0
DA:327,0
DA:328,0
DA:332,0
DA:335,0
DA:337,0
DA:364,0
DA:396,0
DA:432,0
DA:439,0
DA:568,0
LF:30
LH:0
BRDA:329,0,0,0
BRDA:329,0,1,0
BRDA:329,0,2,0
BRDA:329,0,3,0
BRDA:481,1,0,0
BRDA:481,1,1,0
BRDA:493,2,0,0
BRDA:493,2,1,0
BRF:8
BRH:0
end_of_record
TN:
SF:src/components/DocumentationViewer.js
FN:32,(anonymous_0)
FN:38,(anonymous_1)
FN:59,(anonymous_2)
FN:65,(anonymous_3)
FN:77,(anonymous_4)
FN:86,(anonymous_5)
FN:246,(anonymous_6)
FN:251,(anonymous_7)
FN:256,(anonymous_8)
FN:261,(anonymous_9)
FN:266,(anonymous_10)
FN:271,(anonymous_11)
FNF:12
FNH:0
FNDA:0,(anonymous_0)
FNDA:0,(anonymous_1)
FNDA:0,(anonymous_2)
FNDA:0,(anonymous_3)
FNDA:0,(anonymous_4)
FNDA:0,(anonymous_5)
FNDA:0,(anonymous_6)
FNDA:0,(anonymous_7)
FNDA:0,(anonymous_8)
FNDA:0,(anonymous_9)
FNDA:0,(anonymous_10)
FNDA:0,(anonymous_11)
DA:32,0
DA:33,0
DA:34,0
DA:35,0
DA:36,0
DA:38,0
DA:39,0
DA:40,0
DA:42,0
DA:43,0
DA:45,0
DA:46,0
DA:47,0
DA:49,0
DA:52,0
DA:53,0
DA:55,0
DA:59,0
DA:60,0
DA:61,0
DA:65,0
DA:66,0
DA:67,0
DA:68,0
DA:69,0
DA:70,0
DA:71,0
DA:72,0
DA:73,0
DA:74,0
DA:77,0
DA:78,0
DA:80,0
DA:82,0
DA:86,0
DA:87,0
DA:89,0
DA:91,0
DA:95,0
DA:247,0
DA:252,0
DA:257,0
DA:262,0
DA:267,0
DA:272,0
DA:273,0
LF:46
LH:0
BRDA:32,0,0,0
BRDA:45,1,0,0
BRDA:45,1,1,0
BRDA:49,2,0,0
BRDA:49,2,1,0
BRDA:60,3,0,0
BRDA:60,3,1,0
BRDA:78,4,0,0
BRDA:78,4,1,0
BRDA:87,5,0,0
BRDA:87,5,1,0
BRDA:119,6,0,0
BRDA:119,6,1,0
BRDA:147,7,0,0
BRDA:147,7,1,0
BRDA:158,8,0,0
BRDA:158,8,1,0
BRDA:170,9,0,0
BRDA:170,9,1,0
BRDA:170,9,2,0
BRDA:170,9,3,0
BRDA:273,10,0,0
BRDA:273,10,1,0
BRF:23
BRH:0
end_of_record
TN:
SF:src/components/EmergencyControlsPanel.js
FN:24,EmergencyControlsPanel
FN:30,(anonymous_1)
FN:43,(anonymous_2)
FN:66,(anonymous_3)
FNF:4
FNH:0
FNDA:0,EmergencyControlsPanel
FNDA:0,(anonymous_1)
FNDA:0,(anonymous_2)
FNDA:0,(anonymous_3)
DA:25,0
DA:26,0
DA:27,0
DA:28,0
DA:30,0
DA:31,0
DA:32,0
DA:34,0
DA:35,0
DA:37,0
DA:39,0
DA:43,0
DA:44,0
DA:45,0
DA:46,0
DA:49,0
DA:50,0
DA:52,0
DA:53,0
DA:54,0
DA:55,0
DA:57,0
DA:60,0
DA:62,0
DA:66,0
DA:67,0
DA:70,0
LF:27
LH:0
BRDA:44,0,0,0
BRDA:44,0,1,0
BRDA:45,1,0,0
BRDA:45,1,1,0
BRDA:53,2,0,0
BRDA:53,2,1,0
BRDA:76,3,0,0
BRDA:76,3,1,0
BRDA:99,4,0,0
BRDA:99,4,1,0
BRDA:101,5,0,0
BRDA:101,5,1,0
BRDA:141,6,0,0
BRDA:141,6,1,0
BRDA:141,6,2,0
BRF:15
BRH:0
end_of_record
TN:
SF:src/components/EmergencyKillButton.js
FN:29,(anonymous_0)
FN:35,(anonymous_1)
FN:40,(anonymous_2)
FN:45,(anonymous_3)
FN:83,(anonymous_4)
FN:223,(anonymous_5)
FN:241,(anonymous_6)
FN:259,(anonymous_7)
FNF:8
FNH:0
FNDA:0,(anonymous_0)
FNDA:0,(anonymous_1)
FNDA:0,(anonymous_2)
FNDA:0,(anonymous_3)
FNDA:0,(anonymous_4)
FNDA:0,(anonymous_5)
FNDA:0,(anonymous_6)
FNDA:0,(anonymous_7)
DA:29,0
DA:30,0
DA:31,0
DA:32,0
DA:33,0
DA:35,0
DA:36,0
DA:37,0
DA:40,0
DA:41,0
DA:42,0
DA:45,0
DA:46,0
DA:47,0
DA:48,0
DA:49,0
DA:51,0
DA:52,0
DA:53,0
DA:55,0
DA:57,0
DA:58,0
DA:59,0
DA:61,0
DA:62,0
DA:65,0
DA:66,0
DA:67,0
DA:68,0
DA:70,0
DA:76,0
DA:78,0
DA:79,0
DA:83,0
DA:84,0
DA:85,0
DA:88,0
DA:224,0
DA:242,0
DA:260,0
LF:40
LH:0
BRDA:96,0,0,0
BRDA:96,0,1,0
BRDA:110,1,0,0
BRDA:110,1,1,0
BRDA:203,2,0,0
BRDA:203,2,1,0
BRDA:209,3,0,0
BRDA:209,3,1,0
BRDA:210,4,0,0
BRDA:210,4,1,0
BRDA:213,5,0,0
BRDA:213,5,1,0
BRDA:217,6,0,0
BRDA:217,6,1,0
BRDA:217,6,2,0
BRDA:235,7,0,0
BRDA:235,7,1,0
BRDA:235,7,2,0
BRDA:253,8,0,0
BRDA:253,8,1,0
BRDA:253,8,2,0
BRF:21
BRH:0
end_of_record
TN:
SF:src/components/EmergencyToggle.js
FN:40,EmergencyToggle
FN:55,(anonymous_1)
FN:59,(anonymous_2)
FN:72,(anonymous_3)
FN:85,(anonymous_4)
FN:92,(anonymous_5)
FN:98,(anonymous_6)
FN:126,(anonymous_7)
FN:270,(anonymous_8)
FNF:9
FNH:0
FNDA:0,EmergencyToggle
FNDA:0,(anonymous_1)
FNDA:0,(anonymous_2)
FNDA:0,(anonymous_3)
FNDA:0,(anonymous_4)
FNDA:0,(anonymous_5)
FNDA:0,(anonymous_6)
FNDA:0,(anonymous_7)
FNDA:0,(anonymous_8)
DA:47,0
DA:48,0
DA:49,0
DA:50,0
DA:51,0
DA:52,0
DA:55,0
DA:56,0
DA:59,0
DA:60,0
DA:61,0
DA:62,0
DA:63,0
DA:64,0
DA:65,0
DA:68,0
DA:72,0
DA:73,0
DA:76,0
DA:77,0
DA:78,0
DA:81,0
DA:85,0
DA:86,0
DA:87,0
DA:88,0
DA:89,0
DA:92,0
DA:93,0
DA:94,0
DA:95,0
DA:98,0
DA:99,0
DA:100,0
DA:101,0
DA:106,0
DA:107,0
DA:108,0
DA:111,0
DA:112,0
DA:115,0
DA:116,0
DA:119,0
DA:120,0
DA:122,0
DA:126,0
DA:127,0
DA:128,0
DA:129,0
DA:130,0
DA:132,0
DA:136,0
DA:270,0
LF:53
LH:0
BRDA:62,0,0,0
BRDA:62,0,1,0
BRDA:62,1,0,0
BRDA:62,1,1,0
BRDA:76,2,0,0
BRDA:76,2,1,0
BRDA:86,3,0,0
BRDA:86,3,1,0
BRDA:106,4,0,0
BRDA:106,4,1,0
BRDA:111,5,0,0
BRDA:111,5,1,0
BRDA:127,6,0,0
BRDA:127,6,1,0
BRDA:143,7,0,0
BRDA:143,7,1,0
BRDA:146,8,0,0
BRDA:146,8,1,0
BRDA:157,9,0,0
BRDA:157,9,1,0
BRDA:163,10,0,0
BRDA:163,10,1,0
BRDA:165,11,0,0
BRDA:165,11,1,0
BRDA:181,12,0,0
BRDA:181,12,1,0
BRDA:197,13,0,0
BRDA:197,13,1,0
BRDA:208,14,0,0
BRDA:208,14,1,0
BRDA:215,15,0,0
BRDA:215,15,1,0
BRDA:220,16,0,0
BRDA:220,16,1,0
BRDA:224,17,0,0
BRDA:224,17,1,0
BRDA:225,18,0,0
BRDA:225,18,1,0
BRDA:235,19,0,0
BRDA:235,19,1,0
BRDA:239,20,0,0
BRDA:239,20,1,0
BRDA:258,21,0,0
BRDA:258,21,1,0
BRF:44
BRH:0
end_of_record
TN:
SF:src/components/EnhancedErrorBoundary.js
FN:11,(anonymous_0)
FN:22,(anonymous_1)
FN:26,(anonymous_2)
FN:33,(anonymous_3)
FN:43,(anonymous_4)
FN:49,(anonymous_5)
FN:59,(anonymous_6)
FN:65,(anonymous_7)
FN:74,(anonymous_8)
FN:78,(anonymous_9)
FNF:10
FNH:0
FNDA:0,(anonymous_0)
FNDA:0,(anonymous_1)
FNDA:0,(anonymous_2)
FNDA:0,(anonymous_3)
FNDA:0,(anonymous_4)
FNDA:0,(anonymous_5)
FNDA:0,(anonymous_6)
FNDA:0,(anonymous_7)
FNDA:0,(anonymous_8)
FNDA:0,(anonymous_9)
DA:12,0
DA:13,0
DA:23,0
DA:27,0
DA:28,0
DA:31,0
DA:33,0
DA:41,0
DA:42,0
DA:43,0
DA:44,0
DA:50,0
DA:51,0
DA:59,0
DA:65,0
DA:66,0
DA:74,0
DA:75,0
DA:79,0
DA:80,0
DA:82,0
DA:146,0
LF:22
LH:0
BRDA:41,0,0,0
BRDA:41,0,1,0
BRDA:79,1,0,0
BRDA:79,1,1,0
BRDA:80,2,0,0
BRDA:111,3,0,0
BRDA:111,3,1,0
BRDA:135,4,0,0
BRDA:135,4,1,0
BRDA:135,4,2,0
BRF:10
BRH:0
end_of_record
TN:
SF:src/components/EnhancedNotificationSystem.js
FN:22,(anonymous_0)
FN:33,(anonymous_1)
FN:64,(anonymous_2)
FN:71,(anonymous_3)
FN:78,(anonymous_4)
FN:85,(anonymous_5)
FN:92,(anonymous_6)
FN:93,(anonymous_7)
FN:103,(anonymous_8)
FN:111,(anonymous_9)
FN:112,(anonymous_10)
FN:122,(anonymous_11)
FN:129,(anonymous_12)
FN:130,(anonymous_13)
FN:136,(anonymous_14)
FN:138,(anonymous_15)
FN:149,(anonymous_16)
FN:150,(anonymous_17)
FN:166,(anonymous_18)
FN:167,(anonymous_19)
FN:186,(anonymous_20)
FN:199,(anonymous_21)
FN:224,(anonymous_22)
FN:228,(anonymous_23)
FN:229,(anonymous_24)
FN:237,(anonymous_25)
FN:241,(anonymous_26)
FN:256,(anonymous_27)
FN:279,(anonymous_28)
FN:282,(anonymous_29)
FN:283,(anonymous_30)
FN:290,(anonymous_31)
FN:294,(anonymous_32)
FN:311,(anonymous_33)
FN:327,(anonymous_34)
FN:331,(anonymous_35)
FN:332,(anonymous_36)
FN:343,(anonymous_37)
FN:347,(anonymous_38)
FN:351,(anonymous_39)
FN:355,(anonymous_40)
FN:359,(anonymous_41)
FN:363,(anonymous_42)
FN:367,(anonymous_43)
FN:371,(anonymous_44)
FN:391,(anonymous_45)
FNF:46
FNH:0
FNDA:0,(anonymous_0)
FNDA:0,(anonymous_1)
FNDA:0,(anonymous_2)
FNDA:0,(anonymous_3)
FNDA:0,(anonymous_4)
FNDA:0,(anonymous_5)
FNDA:0,(anonymous_6)
FNDA:0,(anonymous_7)
FNDA:0,(anonymous_8)
FNDA:0,(anonymous_9)
FNDA:0,(anonymous_10)
FNDA:0,(anonymous_11)
FNDA:0,(anonymous_12)
FNDA:0,(anonymous_13)
FNDA:0,(anonymous_14)
FNDA:0,(anonymous_15)
FNDA:0,(anonymous_16)
FNDA:0,(anonymous_17)
FNDA:0,(anonymous_18)
FNDA:0,(anonymous_19)
FNDA:0,(anonymous_20)
FNDA:0,(anonymous_21)
FNDA:0,(anonymous_22)
FNDA:0,(anonymous_23)
FNDA:0,(anonymous_24)
FNDA:0,(anonymous_25)
FNDA:0,(anonymous_26)
FNDA:0,(anonymous_27)
FNDA:0,(anonymous_28)
FNDA:0,(anonymous_29)
FNDA:0,(anonymous_30)
FNDA:0,(anonymous_31)
FNDA:0,(anonymous_32)
FNDA:0,(anonymous_33)
FNDA:0,(anonymous_34)
FNDA:0,(anonymous_35)
FNDA:0,(anonymous_36)
FNDA:0,(anonymous_37)
FNDA:0,(anonymous_38)
FNDA:0,(anonymous_39)
FNDA:0,(anonymous_40)
FNDA:0,(anonymous_41)
FNDA:0,(anonymous_42)
FNDA:0,(anonymous_43)
FNDA:0,(anonymous_44)
FNDA:0,(anonymous_45)
DA:23,0
DA:24,0
DA:25,0
DA:26,0
DA:27,0
DA:34,0
DA:47,0
DA:50,0
DA:51,0
DA:54,0
DA:56,0
DA:58,0
DA:65,0
DA:72,0
DA:79,0
DA:86,0
DA:93,0
DA:94,0
DA:95,0
DA:96,0
DA:104,0
DA:105,0
DA:112,0
DA:113,0
DA:114,0
DA:115,0
DA:123,0
DA:130,0
DA:137,0
DA:138,0
DA:139,0
DA:140,0
DA:141,0
DA:150,0
DA:151,0
DA:152,0
DA:154,0
DA:161,0
DA:166,0
DA:167,0
DA:168,0
DA:169,0
DA:170,0
DA:171,0
DA:172,0
DA:176,0
DA:187,0
DA:188,0
DA:189,0
DA:199,0
DA:224,0
DA:225,0
DA:226,0
DA:228,0
DA:229,0
DA:230,0
DA:231,0
DA:234,0
DA:237,0
DA:238,0
DA:241,0
DA:242,0
DA:246,0
DA:248,0
DA:249,0
DA:252,0
DA:256,0
DA:279,0
DA:280,0
DA:282,0
DA:283,0
DA:284,0
DA:287,0
DA:290,0
DA:291,0
DA:294,0
DA:295,0
DA:298,0
DA:312,0
DA:327,0
DA:328,0
DA:329,0
DA:331,0
DA:332,0
DA:333,0
DA:334,0
DA:337,0
DA:338,0
DA:340,0
DA:343,0
DA:344,0
DA:347,0
DA:348,0
DA:351,0
DA:352,0
DA:355,0
DA:356,0
DA:359,0
DA:360,0
DA:363,0
DA:364,0
DA:367,0
DA:368,0
DA:371,0
DA:372,0
DA:375,0
DA:390,0
DA:391,0
DA:392,0
DA:393,0
LF:110
LH:0
BRDA:33,0,0,0
BRDA:37,1,0,0
BRDA:37,1,1,0
BRDA:39,2,0,0
BRDA:39,2,1,0
BRDA:42,3,0,0
BRDA:42,3,1,0
BRDA:50,4,0,0
BRDA:50,4,1,0
BRDA:64,5,0,0
BRDA:71,6,0,0
BRDA:78,7,0,0
BRDA:85,8,0,0
BRDA:94,9,0,0
BRDA:94,9,1,0
BRDA:113,10,0,0
BRDA:113,10,1,0
BRDA:140,11,0,0
BRDA:140,11,1,0
BRDA:168,12,0,0
BRDA:168,12,1,0
BRDA:168,12,2,0
BRDA:168,12,3,0
BRDA:182,13,0,0
BRDA:182,13,1,0
BRDA:182,13,2,0
BRDA:188,14,0,0
BRDA:188,14,1,0
BRDA:213,15,0,0
BRDA:213,15,1,0
BRDA:248,16,0,0
BRDA:248,16,1,0
BRDA:255,17,0,0
BRDA:255,17,1,0
BRDA:279,18,0,0
BRDA:390,19,0,0
BRDA:390,19,1,0
BRF:37
BRH:0
end_of_record
TN:
SF:src/components/EnhancedTooltip.js
FN:9,(anonymous_0)
FN:55,(anonymous_1)
FNF:2
FNH:0
FNDA:0,(anonymous_0)
FNDA:0,(anonymous_1)
DA:9,0
DA:19,0
DA:30,0
DA:31,0
DA:45,0
DA:55,0
DA:57,0
DA:88,0
DA:98,0
LF:9
LH:0
BRDA:12,0,0,0
BRDA:14,1,0,0
BRDA:15,2,0,0
BRDA:16,3,0,0
BRDA:19,4,0,0
BRDA:19,4,1,0
BRDA:30,5,0,0
BRDA:30,5,1,0
BRDA:30,6,0,0
BRDA:30,6,1,0
BRDA:58,7,0,0
BRDA:58,7,1,0
BRDA:63,8,0,0
BRDA:63,8,1,0
BRDA:64,9,0,0
BRDA:64,9,1,0
BRDA:68,10,0,0
BRDA:68,10,1,0
BRF:18
BRH:0
end_of_record
TN:
SF:src/components/ErrorBoundary.js
FN:10,(anonymous_0)
FN:20,(anonymous_1)
FN:24,(anonymous_2)
FN:27,(anonymous_3)
FN:46,(anonymous_4)
FN:59,(anonymous_5)
FN:67,(anonymous_6)
FN:79,(anonymous_7)
FN:83,(anonymous_8)
FNF:9
FNH:0
FNDA:0,(anonymous_0)
FNDA:0,(anonymous_1)
FNDA:0,(anonymous_2)
FNDA:0,(anonymous_3)
FNDA:0,(anonymous_4)
FNDA:0,(anonymous_5)
FNDA:0,(anonymous_6)
FNDA:0,(anonymous_7)
FNDA:0,(anonymous_8)
DA:11,0
DA:12,0
DA:21,0
DA:25,0
DA:27,0
DA:34,0
DA:37,0
DA:38,0
DA:47,0
DA:48,0
DA:67,0
DA:68,0
DA:74,0
DA:75,0
DA:79,0
DA:80,0
DA:84,0
DA:86,0
DA:87,0
DA:90,0
DA:165,0
LF:21
LH:0
BRDA:37,0,0,0
BRDA:37,0,1,0
BRDA:52,1,0,0
BRDA:52,1,1,0
BRDA:74,2,0,0
BRDA:74,2,1,0
BRDA:84,3,0,0
BRDA:84,3,1,0
BRDA:86,4,0,0
BRDA:86,4,1,0
BRDA:108,5,0,0
BRDA:108,5,1,0
BRDA:116,6,0,0
BRDA:116,6,1,0
BRDA:119,7,0,0
BRDA:119,7,1,0
BRDA:119,7,2,0
BRDA:124,8,0,0
BRDA:124,8,1,0
BRF:19
BRH:0
end_of_record
TN:
SF:src/components/ErrorIntelligenceLive.js
FN:40,(anonymous_0)
FN:61,(anonymous_1)
FN:93,(anonymous_2)
FN:109,(anonymous_3)
FN:129,(anonymous_4)
FN:156,(anonymous_5)
FN:185,(anonymous_6)
FN:195,(anonymous_7)
FN:200,(anonymous_8)
FN:208,(anonymous_9)
FN:217,(anonymous_10)
FN:231,(anonymous_11)
FN:317,(anonymous_12)
FN:331,(anonymous_13)
FN:339,(anonymous_14)
FN:350,(anonymous_15)
FN:402,(anonymous_16)
FN:494,(anonymous_17)
FNF:18
FNH:0
FNDA:0,(anonymous_0)
FNDA:0,(anonymous_1)
FNDA:0,(anonymous_2)
FNDA:0,(anonymous_3)
FNDA:0,(anonymous_4)
FNDA:0,(anonymous_5)
FNDA:0,(anonymous_6)
FNDA:0,(anonymous_7)
FNDA:0,(anonymous_8)
FNDA:0,(anonymous_9)
FNDA:0,(anonymous_10)
FNDA:0,(anonymous_11)
FNDA:0,(anonymous_12)
FNDA:0,(anonymous_13)
FNDA:0,(anonymous_14)
FNDA:0,(anonymous_15)
FNDA:0,(anonymous_16)
FNDA:0,(anonymous_17)
DA:40,0
DA:41,0
DA:42,0
DA:43,0
DA:44,0
DA:46,0
DA:47,0
DA:48,0
DA:49,0
DA:50,0
DA:51,0
DA:52,0
DA:54,0
DA:61,0
DA:62,0
DA:64,0
DA:70,0
DA:76,0
DA:82,0
DA:93,0
DA:94,0
DA:102,0
DA:109,0
DA:110,0
DA:111,0
DA:112,0
DA:113,0
DA:114,0
DA:115,0
DA:116,0
DA:121,0
DA:123,0
DA:124,0
DA:129,0
DA:130,0
DA:131,0
DA:134,0
DA:135,0
DA:143,0
DA:144,0
DA:147,0
DA:148,0
DA:149,0
DA:150,0
DA:151,0
DA:153,0
DA:156,0
DA:157,0
DA:161,0
DA:162,0
DA:163,0
DA:168,0
DA:171,0
DA:173,0
DA:178,0
DA:185,0
DA:186,0
DA:187,0
DA:188,0
DA:191,0
DA:194,0
DA:195,0
DA:196,0
DA:200,0
DA:201,0
DA:208,0
DA:209,0
DA:210,0
DA:217,0
DA:218,0
DA:219,0
DA:220,0
DA:221,0
DA:231,0
DA:232,0
DA:238,0
DA:243,0
DA:244,0
DA:246,0
DA:317,0
DA:331,0
DA:339,0
DA:350,0
DA:403,0
DA:404,0
DA:406,0
DA:495,0
LF:87
LH:0
BRDA:46,0,0,0
BRDA:46,0,1,0
BRDA:48,1,0,0
BRDA:48,1,1,0
BRDA:50,2,0,0
BRDA:50,2,1,0
BRDA:62,3,0,0
BRDA:62,3,1,0
BRDA:62,3,2,0
BRDA:62,3,3,0
BRDA:102,4,0,0
BRDA:102,4,1,0
BRDA:129,5,0,0
BRDA:130,6,0,0
BRDA:130,6,1,0
BRDA:143,7,0,0
BRDA:143,7,1,0
BRDA:144,8,0,0
BRDA:144,8,1,0
BRDA:147,9,0,0
BRDA:147,9,1,0
BRDA:147,10,0,0
BRDA:147,10,1,0
BRDA:164,11,0,0
BRDA:164,11,1,0
BRDA:165,12,0,0
BRDA:165,12,1,0
BRDA:166,13,0,0
BRDA:166,13,1,0
BRDA:186,14,0,0
BRDA:186,14,1,0
BRDA:194,15,0,0
BRDA:194,15,1,0
BRDA:201,16,0,0
BRDA:201,16,1,0
BRDA:209,17,0,0
BRDA:209,17,1,0
BRDA:209,18,0,0
BRDA:209,18,1,0
BRDA:248,19,0,0
BRDA:248,19,1,0
BRDA:254,20,0,0
BRDA:254,20,1,0
BRDA:254,21,0,0
BRDA:254,21,1,0
BRDA:265,22,0,0
BRDA:265,22,1,0
BRDA:273,23,0,0
BRDA:273,23,1,0
BRDA:273,24,0,0
BRDA:273,24,1,0
BRDA:279,25,0,0
BRDA:279,25,1,0
BRDA:287,26,0,0
BRDA:287,26,1,0
BRDA:294,27,0,0
BRDA:294,27,1,0
BRDA:302,28,0,0
BRDA:302,28,1,0
BRDA:326,29,0,0
BRDA:326,29,1,0
BRDA:328,30,0,0
BRDA:328,30,1,0
BRDA:330,31,0,0
BRDA:330,31,1,0
BRDA:334,32,0,0
BRDA:334,32,1,0
BRDA:351,33,0,0
BRDA:351,33,1,0
BRDA:359,34,0,0
BRDA:359,34,1,0
BRDA:359,35,0,0
BRDA:359,35,1,0
BRDA:363,36,0,0
BRDA:363,36,1,0
BRDA:410,37,0,0
BRDA:410,37,1,0
BRDA:413,38,0,0
BRDA:413,38,1,0
BRDA:415,39,0,0
BRDA:415,39,1,0
BRDA:477,40,0,0
BRDA:477,40,1,0
BRF:83
BRH:0
end_of_record
TN:
SF:src/components/ErrorIntelligencePanel.js
FN:31,(anonymous_0)
FN:36,(anonymous_1)
FN:42,(anonymous_2)
FN:48,(anonymous_3)
FN:66,(anonymous_4)
FN:80,(anonymous_5)
FN:82,(anonymous_6)
FN:91,(anonymous_7)
FN:92,(anonymous_8)
FN:93,(anonymous_9)
FN:94,(anonymous_10)
FN:99,(anonymous_11)
FN:106,(anonymous_12)
FN:127,(anonymous_13)
FN:131,(anonymous_14)
FN:265,(anonymous_15)
FN:307,(anonymous_16)
FN:331,(anonymous_17)
FN:346,(anonymous_18)
FN:395,(anonymous_19)
FN:417,(anonymous_20)
FN:500,(anonymous_21)
FN:500,(anonymous_22)
FN:531,(anonymous_23)
FN:538,(anonymous_24)
FN:540,(anonymous_25)
FNF:26
FNH:0
FNDA:0,(anonymous_0)
FNDA:0,(anonymous_1)
FNDA:0,(anonymous_2)
FNDA:0,(anonymous_3)
FNDA:0,(anonymous_4)
FNDA:0,(anonymous_5)
FNDA:0,(anonymous_6)
FNDA:0,(anonymous_7)
FNDA:0,(anonymous_8)
FNDA:0,(anonymous_9)
FNDA:0,(anonymous_10)
FNDA:0,(anonymous_11)
FNDA:0,(anonymous_12)
FNDA:0,(anonymous_13)
FNDA:0,(anonymous_14)
FNDA:0,(anonymous_15)
FNDA:0,(anonymous_16)
FNDA:0,(anonymous_17)
FNDA:0,(anonymous_18)
FNDA:0,(anonymous_19)
FNDA:0,(anonymous_20)
FNDA:0,(anonymous_21)
FNDA:0,(anonymous_22)
FNDA:0,(anonymous_23)
FNDA:0,(anonymous_24)
FNDA:0,(anonymous_25)
DA:31,0
DA:32,0
DA:33,0
DA:34,0
DA:36,0
DA:37,0
DA:38,0
DA:39,0
DA:42,0
DA:43,0
DA:44,0
DA:45,0
DA:48,0
DA:49,0
DA:50,0
DA:51,0
DA:52,0
DA:55,0
DA:66,0
DA:72,0
DA:73,0
DA:74,0
DA:77,0
DA:79,0
DA:81,0
DA:83,0
DA:90,0
DA:91,0
DA:92,0
DA:93,0
DA:94,0
DA:99,0
DA:100,0
DA:101,0
DA:102,0
DA:105,0
DA:106,0
DA:108,0
DA:109,0
DA:110,0
DA:115,0
DA:116,0
DA:117,0
DA:118,0
DA:122,0
DA:124,0
DA:125,0
DA:127,0
DA:131,0
DA:132,0
DA:134,0
DA:135,0
DA:137,0
DA:138,0
DA:139,0
DA:141,0
DA:143,0
DA:145,0
DA:146,0
DA:149,0
DA:150,0
DA:152,0
DA:156,0
DA:266,0
DA:268,0
DA:271,0
DA:307,0
DA:332,0
DA:347,0
DA:395,0
DA:417,0
DA:426,0
DA:428,0
DA:500,0
DA:531,0
DA:532,0
DA:533,0
DA:536,0
DA:538,0
DA:540,0
DA:541,0
DA:542,0
DA:544,0
DA:547,0
DA:548,0
DA:558,0
LF:86
LH:0
BRDA:32,0,0,0
BRDA:32,0,1,0
BRDA:32,1,0,0
BRDA:32,1,1,0
BRDA:33,2,0,0
BRDA:33,2,1,0
BRDA:34,3,0,0
BRDA:34,3,1,0
BRDA:37,4,0,0
BRDA:37,4,1,0
BRDA:38,5,0,0
BRDA:38,5,1,0
BRDA:43,6,0,0
BRDA:43,6,1,0
BRDA:44,7,0,0
BRDA:44,7,1,0
BRDA:49,8,0,0
BRDA:49,8,1,0
BRDA:50,9,0,0
BRDA:50,9,1,0
BRDA:51,10,0,0
BRDA:51,10,1,0
BRDA:83,11,0,0
BRDA:83,11,1,0
BRDA:83,11,2,0
BRDA:100,12,0,0
BRDA:100,12,1,0
BRDA:100,13,0,0
BRDA:100,13,1,0
BRDA:101,14,0,0
BRDA:101,14,1,0
BRDA:105,15,0,0
BRDA:105,15,1,0
BRDA:115,16,0,0
BRDA:115,16,1,0
BRDA:137,17,0,0
BRDA:137,17,1,0
BRDA:138,18,0,0
BRDA:138,18,1,0
BRDA:139,19,0,0
BRDA:139,19,1,0
BRDA:146,20,0,0
BRDA:146,20,1,0
BRDA:158,21,0,0
BRDA:158,21,1,0
BRDA:174,22,0,0
BRDA:174,22,1,0
BRDA:201,23,0,0
BRDA:201,23,1,0
BRDA:214,24,0,0
BRDA:214,24,1,0
BRDA:219,25,0,0
BRDA:219,25,1,0
BRDA:222,26,0,0
BRDA:222,26,1,0
BRDA:231,27,0,0
BRDA:231,27,1,0
BRDA:240,28,0,0
BRDA:240,28,1,0
BRDA:246,29,0,0
BRDA:246,29,1,0
BRDA:246,29,2,0
BRDA:248,30,0,0
BRDA:248,30,1,0
BRDA:252,31,0,0
BRDA:252,31,1,0
BRDA:265,32,0,0
BRDA:265,32,1,0
BRDA:266,33,0,0
BRDA:266,33,1,0
BRDA:268,34,0,0
BRDA:268,34,1,0
BRDA:268,34,2,0
BRDA:270,35,0,0
BRDA:270,35,1,0
BRDA:270,36,0,0
BRDA:270,36,1,0
BRDA:278,37,0,0
BRDA:278,37,1,0
BRDA:285,38,0,0
BRDA:285,38,1,0
BRDA:288,39,0,0
BRDA:288,39,1,0
BRDA:288,39,2,0
BRDA:295,40,0,0
BRDA:295,40,1,0
BRDA:299,41,0,0
BRDA:299,41,1,0
BRDA:306,42,0,0
BRDA:306,42,1,0
BRDA:311,43,0,0
BRDA:311,43,1,0
BRDA:316,44,0,0
BRDA:316,44,1,0
BRDA:325,45,0,0
BRDA:325,45,1,0
BRDA:325,45,2,0
BRDA:340,46,0,0
BRDA:340,46,1,0
BRDA:340,46,2,0
BRDA:364,47,0,0
BRDA:364,47,1,0
BRDA:367,48,0,0
BRDA:367,48,1,0
BRDA:381,49,0,0
BRDA:381,49,1,0
BRDA:390,50,0,0
BRDA:390,50,1,0
BRDA:404,51,0,0
BRDA:404,51,1,0
BRDA:406,52,0,0
BRDA:406,52,1,0
BRDA:430,53,0,0
BRDA:430,53,1,0
BRDA:446,54,0,0
BRDA:446,54,1,0
BRDA:473,55,0,0
BRDA:473,55,1,0
BRDA:482,56,0,0
BRDA:482,56,1,0
BRDA:491,57,0,0
BRDA:491,57,1,0
BRDA:501,58,0,0
BRDA:501,58,1,0
BRDA:506,59,0,0
BRDA:506,59,1,0
BRDA:517,60,0,0
BRDA:517,60,1,0
BRDA:531,61,0,0
BRDA:541,62,0,0
BRDA:541,62,1,0
BRDA:547,63,0,0
BRDA:547,63,1,0
BRF:133
BRH:0
end_of_record
TN:
SF:src/components/ErrorIntelligencePanel_simple.js
FN:4,(anonymous_0)
FNF:1
FNH:0
FNDA:0,(anonymous_0)
DA:4,0
DA:5,0
LF:2
LH:0
BRF:0
BRH:0
end_of_record
TN:
SF:src/components/ErrorResolutionPanel.js
FN:67,(anonymous_0)
FN:77,(anonymous_1)
FN:86,(anonymous_2)
FN:89,(anonymous_3)
FN:93,(anonymous_4)
FN:226,(anonymous_5)
FN:230,(anonymous_6)
FN:253,(anonymous_7)
FN:280,(anonymous_8)
FN:301,(anonymous_9)
FN:304,(anonymous_10)
FN:324,(anonymous_11)
FN:333,(anonymous_12)
FN:342,(anonymous_13)
FN:366,(anonymous_14)
FN:412,(anonymous_15)
FN:431,(anonymous_16)
FN:438,(anonymous_17)
FN:459,(anonymous_18)
FN:478,(anonymous_19)
FN:517,(anonymous_20)
FN:518,(anonymous_21)
FN:522,(anonymous_22)
FN:549,(anonymous_23)
FN:568,(anonymous_24)
FN:580,(anonymous_25)
FN:585,(anonymous_26)
FN:589,(anonymous_27)
FN:601,(anonymous_28)
FN:643,(anonymous_29)
FN:665,(anonymous_30)
FN:690,(anonymous_31)
FN:719,(anonymous_32)
FN:721,(anonymous_33)
FN:723,(anonymous_34)
FN:740,(anonymous_35)
FN:757,(anonymous_36)
FN:758,(anonymous_37)
FN:777,(anonymous_38)
FN:783,(anonymous_39)
FN:811,(anonymous_40)
FN:825,(anonymous_41)
FN:831,(anonymous_42)
FN:837,(anonymous_43)
FN:843,(anonymous_44)
FN:861,(anonymous_45)
FN:869,(anonymous_46)
FN:871,(anonymous_47)
FN:880,(anonymous_48)
FN:881,(anonymous_49)
FN:882,(anonymous_50)
FN:883,(anonymous_51)
FN:888,(anonymous_52)
FN:897,(anonymous_53)
FN:904,(anonymous_54)
FN:925,(anonymous_55)
FN:929,(anonymous_56)
FN:1071,(anonymous_57)
FN:1122,(anonymous_58)
FN:1146,(anonymous_59)
FN:1161,(anonymous_60)
FN:1213,(anonymous_61)
FN:1235,(anonymous_62)
FNF:63
FNH:0
FNDA:0,(anonymous_0)
FNDA:0,(anonymous_1)
FNDA:0,(anonymous_2)
FNDA:0,(anonymous_3)
FNDA:0,(anonymous_4)
FNDA:0,(anonymous_5)
FNDA:0,(anonymous_6)
FNDA:0,(anonymous_7)
FNDA:0,(anonymous_8)
FNDA:0,(anonymous_9)
FNDA:0,(anonymous_10)
FNDA:0,(anonymous_11)
FNDA:0,(anonymous_12)
FNDA:0,(anonymous_13)
FNDA:0,(anonymous_14)
FNDA:0,(anonymous_15)
FNDA:0,(anonymous_16)
FNDA:0,(anonymous_17)
FNDA:0,(anonymous_18)
FNDA:0,(anonymous_19)
FNDA:0,(anonymous_20)
FNDA:0,(anonymous_21)
FNDA:0,(anonymous_22)
FNDA:0,(anonymous_23)
FNDA:0,(anonymous_24)
FNDA:0,(anonymous_25)
FNDA:0,(anonymous_26)
FNDA:0,(anonymous_27)
FNDA:0,(anonymous_28)
FNDA:0,(anonymous_29)
FNDA:0,(anonymous_30)
FNDA:0,(anonymous_31)
FNDA:0,(anonymous_32)
FNDA:0,(anonymous_33)
FNDA:0,(anonymous_34)
[...]
FN:306,(anonymous_22)
FN:311,(anonymous_23)
FN:321,(anonymous_24)
FN:322,(anonymous_25)
FN:323,(anonymous_26)
FN:325,(anonymous_27)
FN:336,(anonymous_28)
FN:337,(anonymous_29)
FNF:30
FNH:0
FNDA:0,(anonymous_0)
FNDA:0,(anonymous_1)
FNDA:0,(anonymous_2)
FNDA:0,(anonymous_3)
FNDA:0,(anonymous_4)
FNDA:0,(anonymous_5)
FNDA:0,(anonymous_6)
FNDA:0,(anonymous_7)
FNDA:0,(anonymous_8)
FNDA:0,(anonymous_9)
FNDA:0,(anonymous_10)
FNDA:0,(anonymous_11)
FNDA:0,(anonymous_12)
FNDA:0,(anonymous_13)
FNDA:0,(anonymous_14)
FNDA:0,(anonymous_15)
FNDA:0,(anonymous_16)
FNDA:0,(anonymous_17)
FNDA:0,(anonymous_18)
FNDA:0,(anonymous_19)
FNDA:0,(anonymous_20)
FNDA:0,(anonymous_21)
FNDA:0,(anonymous_22)
FNDA:0,(anonymous_23)
FNDA:0,(anonymous_24)
FNDA:0,(anonymous_25)
FNDA:0,(anonymous_26)
FNDA:0,(anonymous_27)
FNDA:0,(anonymous_28)
FNDA:0,(anonymous_29)
DA:9,0
DA:10,0
DA:11,0
DA:12,0
DA:21,0
DA:28,0
DA:29,0
DA:39,0
DA:40,0
DA:41,0
DA:46,0
DA:47,0
DA:58,0
DA:67,0
DA:69,0
DA:72,0
DA:73,0
DA:76,0
DA:77,0
DA:78,0
DA:79,0
DA:86,0
DA:87,0
DA:89,0
DA:90,0
DA:94,0
DA:95,0
DA:99,0
DA:101,0
DA:111,0
DA:113,0
DA:114,0
DA:124,0
DA:135,0
DA:136,0
DA:137,0
DA:138,0
DA:139,0
DA:141,0
DA:142,0
DA:151,0
DA:153,0
DA:154,0
DA:162,0
DA:169,0
DA:170,0
DA:171,0
DA:185,0
DA:187,0
DA:188,0
DA:201,0
DA:202,0
DA:203,0
DA:219,0
DA:221,0
DA:222,0
DA:225,0
DA:232,0
DA:233,0
DA:234,0
DA:236,0
DA:237,0
DA:246,0
DA:247,0
DA:254,0
DA:255,0
DA:256,0
DA:258,0
DA:259,0
DA:263,0
DA:269,0
DA:276,0
DA:278,0
DA:279,0
DA:280,0
DA:281,0
DA:286,0
DA:287,0
DA:292,0
DA:301,0
DA:303,0
DA:304,0
DA:305,0
DA:306,0
DA:307,0
DA:311,0
DA:312,0
DA:315,0
DA:321,0
DA:322,0
DA:323,0
DA:324,0
DA:325,0
DA:326,0
DA:330,0
DA:335,0
DA:336,0
DA:337,0
DA:338,0
DA:339,0
LF:100
LH:0
BRDA:8,0,0,0
BRDA:10,1,0,0
BRDA:10,1,1,0
BRDA:20,2,0,0
BRDA:28,3,0,0
BRDA:28,3,1,0
BRDA:39,4,0,0
BRDA:39,4,1,0
BRDA:46,5,0,0
BRDA:46,5,1,0
BRDA:67,6,0,0
BRDA:67,6,1,0
BRDA:76,7,0,0
BRDA:76,7,1,0
BRDA:76,8,0,0
BRDA:76,8,1,0
BRDA:86,9,0,0
BRDA:86,9,1,0
BRDA:89,10,0,0
BRDA:89,10,1,0
BRDA:94,11,0,0
BRDA:94,11,1,0
BRDA:113,12,0,0
BRDA:113,12,1,0
BRDA:151,13,0,0
BRDA:151,13,1,0
BRDA:153,14,0,0
BRDA:153,14,1,0
BRDA:170,15,0,0
BRDA:170,15,1,0
BRDA:185,16,0,0
BRDA:185,16,1,0
BRDA:202,17,0,0
BRDA:202,17,1,0
BRDA:218,18,0,0
BRDA:219,19,0,0
BRDA:219,19,1,0
BRDA:221,20,0,0
BRDA:221,20,1,0
BRDA:233,21,0,0
BRDA:233,21,1,0
BRDA:236,22,0,0
BRDA:236,22,1,0
BRDA:254,23,0,0
BRDA:254,23,1,0
BRDA:276,24,0,0
BRDA:276,24,1,0
BRDA:280,25,0,0
BRDA:280,25,1,0
BRDA:335,26,0,0
BRDA:335,26,1,0
BRF:51
BRH:0
end_of_record
TN:
SF:src/utils/performanceOptimizer.js
FN:19,debounce
FN:21,debounced
FN:23,(anonymous_2)
FN:33,throttle
FN:35,throttled
FN:39,(anonymous_5)
FN:50,useDebounced
FN:53,(anonymous_7)
FN:54,(anonymous_8)
FN:55,(anonymous_9)
FN:67,useThrottledCallback
FN:70,(anonymous_11)
FN:74,(anonymous_12)
FN:87,useSmartPolling
FN:88,(anonymous_14)
FN:94,(anonymous_15)
FN:103,useBatchedState
FN:108,(anonymous_17)
FN:121,(anonymous_18)
FN:122,(anonymous_19)
FN:131,(anonymous_20)
FN:132,(anonymous_21)
FN:147,useDeepMemo
FN:171,(anonymous_23)
FN:177,(anonymous_24)
FN:191,(anonymous_25)
FNF:26
FNH:0
FNDA:0,debounce
FNDA:0,debounced
FNDA:0,(anonymous_2)
FNDA:0,throttle
FNDA:0,throttled
FNDA:0,(anonymous_5)
FNDA:0,useDebounced
FNDA:0,(anonymous_7)
FNDA:0,(anonymous_8)
FNDA:0,(anonymous_9)
FNDA:0,useThrottledCallback
FNDA:0,(anonymous_11)
FNDA:0,(anonymous_12)
FNDA:0,useSmartPolling
FNDA:0,(anonymous_14)
FNDA:0,(anonymous_15)
FNDA:0,useBatchedState
FNDA:0,(anonymous_17)
FNDA:0,(anonymous_18)
FNDA:0,(anonymous_19)
FNDA:0,(anonymous_20)
FNDA:0,(anonymous_21)
FNDA:0,useDeepMemo
FNDA:0,(anonymous_23)
FNDA:0,(anonymous_24)
FNDA:0,(anonymous_25)
DA:21,0
DA:22,0
DA:23,0
DA:35,0
DA:36,0
DA:37,0
DA:38,0
DA:39,0
DA:51,0
DA:53,0
DA:54,0
DA:55,0
DA:58,0
DA:68,0
DA:70,0
DA:71,0
DA:74,0
DA:75,0
DA:76,0
DA:88,0
DA:89,0
DA:91,0
DA:93,0
DA:94,0
DA:104,0
DA:105,0
DA:106,0
DA:108,0
DA:110,0
DA:116,0
DA:117,0
DA:121,0
DA:122,0
DA:126,0
DA:131,0
DA:132,0
DA:133,0
DA:134,0
DA:139,0
DA:148,0
DA:150,0
DA:151,0
DA:154,0
DA:160,0
DA:172,0
DA:173,0
DA:174,0
DA:178,0
DA:179,0
DA:180,0
DA:182,0
DA:183,0
DA:188,0
DA:192,0
LF:54
LH:0
BRDA:19,0,0,0
BRDA:33,1,0,0
BRDA:36,2,0,0
BRDA:36,2,1,0
BRDA:50,3,0,0
BRDA:67,4,0,0
BRDA:75,5,0,0
BRDA:75,5,1,0
BRDA:87,6,0,0
BRDA:87,7,0,0
BRDA:89,8,0,0
BRDA:89,8,1,0
BRDA:103,9,0,0
BRDA:116,10,0,0
BRDA:116,10,1,0
BRDA:133,11,0,0
BRDA:133,11,1,0
BRDA:150,12,0,0
BRDA:150,12,1,0
BRDA:182,13,0,0
BRDA:182,13,1,0
BRDA:195,14,0,0
BRDA:195,14,1,0
BRF:23
BRH:0
end_of_record
TN:
SF:src/utils/pollingConfig.js
FN:77,getPollingInterval
FN:79,(anonymous_1)
FN:134,(anonymous_2)
FN:140,(anonymous_3)
FN:145,(anonymous_4)
FN:146,(anonymous_5)
FN:151,(anonymous_6)
FN:157,(anonymous_7)
FN:171,(anonymous_8)
FN:195,(anonymous_9)
FN:207,(anonymous_10)
FN:215,(anonymous_11)
FN:235,(anonymous_12)
FN:244,(anonymous_13)
FN:258,(anonymous_14)
FN:263,(anonymous_15)
FN:275,(anonymous_16)
FN:282,(anonymous_17)
FNF:18
FNH:0
FNDA:0,getPollingInterval
FNDA:0,(anonymous_1)
FNDA:0,(anonymous_2)
FNDA:0,(anonymous_3)
FNDA:0,(anonymous_4)
FNDA:0,(anonymous_5)
FNDA:0,(anonymous_6)
FNDA:0,(anonymous_7)
FNDA:0,(anonymous_8)
FNDA:0,(anonymous_9)
FNDA:0,(anonymous_10)
FNDA:0,(anonymous_11)
FNDA:0,(anonymous_12)
FNDA:0,(anonymous_13)
FNDA:0,(anonymous_14)
FNDA:0,(anonymous_15)
FNDA:0,(anonymous_16)
FNDA:0,(anonymous_17)
DA:12,0
DA:78,0
DA:79,0
DA:80,0
DA:85,0
DA:92,0
DA:135,0
DA:136,0
DA:137,0
DA:140,0
DA:141,0
DA:145,0
DA:146,0
DA:149,0
DA:150,0
DA:151,0
DA:152,0
DA:158,0
DA:159,0
DA:162,0
DA:173,0
DA:174,0
DA:177,0
DA:180,0
DA:181,0
DA:185,0
DA:186,0
DA:189,0
DA:196,0
DA:200,0
DA:208,0
DA:209,0
DA:216,0
DA:217,0
DA:220,0
DA:221,0
DA:224,0
DA:228,0
DA:236,0
DA:237,0
DA:238,0
DA:246,0
DA:247,0
DA:248,0
DA:252,0
DA:253,0
DA:257,0
DA:259,0
DA:260,0
DA:261,0
DA:264,0
DA:265,0
DA:268,0
DA:269,0
DA:276,0
DA:283,0
DA:287,0
LF:57
LH:0
BRDA:79,0,0,0
BRDA:79,0,1,0
BRDA:149,1,0,0
BRDA:149,1,1,0
BRDA:159,2,0,0
BRDA:159,2,1,0
BRDA:163,3,0,0
BRDA:163,3,1,0
BRDA:163,3,2,0
BRDA:173,4,0,0
BRDA:173,4,1,0
BRDA:180,5,0,0
BRDA:180,5,1,0
BRDA:185,6,0,0
BRDA:185,6,1,0
BRDA:196,7,0,0
BRDA:196,7,1,0
BRDA:196,7,2,0
BRDA:220,8,0,0
BRDA:220,8,1,0
BRDA:247,9,0,0
BRDA:247,9,1,0
BRDA:247,10,0,0
BRDA:247,10,1,0
BRDA:252,11,0,0
BRDA:252,11,1,0
BRF:26
BRH:0
end_of_record
TN:
SF:src/utils/rateLimiting.js
FN:12,(anonymous_0)
FN:15,(anonymous_1)
FN:17,(anonymous_2)
FN:20,(anonymous_3)
FN:33,(anonymous_4)
FN:37,(anonymous_5)
FN:46,(anonymous_6)
FN:59,(anonymous_7)
FN:65,(anonymous_8)
FN:68,(anonymous_9)
FN:72,(anonymous_10)
FN:82,(anonymous_11)
FN:84,(anonymous_12)
FN:88,(anonymous_13)
FN:99,(anonymous_14)
FN:102,(anonymous_15)
FN:103,(anonymous_16)
FN:107,(anonymous_17)
FN:121,(anonymous_18)
FN:124,(anonymous_19)
FN:144,(anonymous_20)
FN:149,(anonymous_21)
FN:155,(anonymous_22)
FN:167,(anonymous_23)
FN:183,(anonymous_24)
FN:191,(anonymous_25)
FN:192,(anonymous_26)
FN:198,(anonymous_27)
FN:207,(anonymous_28)
FN:226,(anonymous_29)
FN:230,(anonymous_30)
FN:243,(anonymous_31)
FN:252,(anonymous_32)
FN:257,(anonymous_33)
FN:274,(anonymous_34)
FN:286,(anonymous_35)
FN:295,(anonymous_36)
FNF:37
FNH:0
FNDA:0,(anonymous_0)
FNDA:0,(anonymous_1)
FNDA:0,(anonymous_2)
FNDA:0,(anonymous_3)
FNDA:0,(anonymous_4)
FNDA:0,(anonymous_5)
FNDA:0,(anonymous_6)
FNDA:0,(anonymous_7)
FNDA:0,(anonymous_8)
FNDA:0,(anonymous_9)
FNDA:0,(anonymous_10)
FNDA:0,(anonymous_11)
FNDA:0,(anonymous_12)
FNDA:0,(anonymous_13)
FNDA:0,(anonymous_14)
FNDA:0,(anonymous_15)
FNDA:0,(anonymous_16)
FNDA:0,(anonymous_17)
FNDA:0,(anonymous_18)
FNDA:0,(anonymous_19)
FNDA:0,(anonymous_20)
FNDA:0,(anonymous_21)
FNDA:0,(anonymous_22)
FNDA:0,(anonymous_23)
FNDA:0,(anonymous_24)
FNDA:0,(anonymous_25)
FNDA:0,(anonymous_26)
FNDA:0,(anonymous_27)
FNDA:0,(anonymous_28)
FNDA:0,(anonymous_29)
FNDA:0,(anonymous_30)
FNDA:0,(anonymous_31)
FNDA:0,(anonymous_32)
FNDA:0,(anonymous_33)
FNDA:0,(anonymous_34)
FNDA:0,(anonymous_35)
FNDA:0,(anonymous_36)
DA:12,0
DA:15,0
DA:16,0
DA:17,0
DA:20,0
DA:21,0
DA:24,0
DA:33,0
DA:34,0
DA:37,0
DA:38,0
DA:39,0
DA:41,0
DA:42,0
DA:43,0
DA:45,0
DA:46,0
DA:47,0
DA:48,0
DA:60,0
DA:61,0
DA:62,0
DA:66,0
DA:68,0
DA:69,0
DA:73,0
DA:74,0
DA:75,0
DA:77,0
DA:78,0
DA:83,0
DA:84,0
DA:85,0
DA:89,0
DA:99,0
DA:100,0
DA:102,0
DA:103,0
DA:104,0
DA:107,0
DA:108,0
DA:112,0
DA:121,0
DA:122,0
DA:124,0
DA:125,0
DA:126,0
DA:128,0
DA:129,0
DA:130,0
DA:132,0
DA:133,0
DA:134,0
DA:145,0
DA:146,0
DA:150,0
DA:151,0
DA:152,0
DA:156,0
DA:157,0
DA:158,0
DA:160,0
DA:161,0
DA:162,0
DA:163,0
DA:168,0
DA:169,0
DA:170,0
DA:171,0
DA:176,0
DA:184,0
DA:185,0
DA:186,0
DA:187,0
DA:188,0
DA:192,0
DA:193,0
DA:194,0
DA:199,0
DA:200,0
DA:203,0
DA:204,0
DA:206,0
DA:207,0
DA:208,0
DA:211,0
DA:212,0
DA:213,0
DA:215,0
DA:216,0
DA:217,0
DA:219,0
DA:221,0
DA:222,0
DA:227,0
DA:231,0
DA:236,0
DA:244,0
DA:245,0
DA:246,0
DA:247,0
DA:248,0
DA:249,0
DA:253,0
DA:254,0
DA:256,0
DA:257,0
DA:258,0
DA:262,0
DA:264,0
DA:265,0
DA:266,0
DA:267,0
DA:269,0
DA:270,0
DA:275,0
DA:276,0
DA:279,0
DA:280,0
DA:281,0
DA:282,0
DA:287,0
DA:288,0
DA:291,0
DA:292,0
DA:296,0
DA:297,0
DA:298,0
DA:303,0
LF:129
LH:0
BRDA:12,0,0,0
BRDA:33,1,0,0
BRDA:41,2,0,0
BRDA:41,2,1,0
BRDA:59,3,0,0
BRDA:59,4,0,0
BRDA:73,5,0,0
BRDA:73,5,1,0
BRDA:99,6,0,0
BRDA:121,7,0,0
BRDA:128,8,0,0
BRDA:128,8,1,0
BRDA:144,9,0,0
BRDA:150,10,0,0
BRDA:150,10,1,0
BRDA:156,11,0,0
BRDA:156,11,1,0
BRDA:169,12,0,0
BRDA:169,12,1,0
BRDA:183,13,0,0
BRDA:183,14,0,0
BRDA:199,15,0,0
BRDA:199,15,1,0
BRDA:199,16,0,0
BRDA:199,16,1,0
BRDA:206,17,0,0
BRDA:206,17,1,0
BRDA:243,18,0,0
BRDA:256,19,0,0
BRDA:256,19,1,0
BRDA:279,20,0,0
BRDA:279,20,1,0
BRF:32
BRH:0
end_of_record
TN:
SF:src/utils/robustApiClient.js
FN:10,(anonymous_0)
FN:18,(anonymous_1)
FN:20,(anonymous_2)
FN:89,(anonymous_3)
FN:90,(anonymous_4)
FN:95,(anonymous_5)
FN:97,(anonymous_6)
FN:110,(anonymous_7)
FN:125,(anonymous_8)
FN:146,(anonymous_9)
FN:153,(anonymous_10)
FN:163,(anonymous_11)
FN:164,(anonymous_12)
FN:168,(anonymous_13)
FN:172,(anonymous_14)
FN:184,(anonymous_15)
FN:196,(anonymous_16)
FN:201,(anonymous_17)
FN:202,(anonymous_18)
FNF:19
FNH:0
FNDA:0,(anonymous_0)
FNDA:0,(anonymous_1)
FNDA:0,(anonymous_2)
FNDA:0,(anonymous_3)
FNDA:0,(anonymous_4)
FNDA:0,(anonymous_5)
FNDA:0,(anonymous_6)
FNDA:0,(anonymous_7)
FNDA:0,(anonymous_8)
FNDA:0,(anonymous_9)
FNDA:0,(anonymous_10)
FNDA:0,(anonymous_11)
FNDA:0,(anonymous_12)
FNDA:0,(anonymous_13)
FNDA:0,(anonymous_14)
FNDA:0,(anonymous_15)
FNDA:0,(anonymous_16)
FNDA:0,(anonymous_17)
FNDA:0,(anonymous_18)
DA:11,0
DA:12,0
DA:13,0
DA:14,0
DA:15,0
DA:19,0
DA:20,0
DA:30,0
DA:32,0
DA:33,0
DA:34,0
DA:35,0
DA:37,0
DA:39,0
DA:42,0
DA:43,0
DA:44,0
DA:45,0
DA:47,0
DA:48,0
DA:49,0
DA:50,0
DA:52,0
DA:53,0
DA:57,0
DA:65,0
DA:66,0
DA:68,0
DA:69,0
DA:70,0
DA:72,0
DA:74,0
DA:76,0
DA:77,0
DA:78,0
DA:80,0
DA:81,0
DA:84,0
DA:85,0
DA:90,0
DA:91,0
DA:92,0
DA:94,0
DA:95,0
DA:96,0
DA:97,0
DA:99,0
DA:102,0
DA:103,0
DA:104,0
DA:106,0
DA:107,0
DA:111,0
DA:112,0
DA:114,0
DA:115,0
DA:116,0
DA:118,0
DA:119,0
DA:122,0
DA:127,0
DA:128,0
DA:129,0
DA:132,0
DA:133,0
DA:134,0
DA:138,0
DA:139,0
DA:140,0
DA:143,0
DA:148,0
DA:149,0
DA:150,0
DA:154,0
DA:155,0
DA:156,0
DA:158,0
DA:159,0
DA:160,0
DA:164,0
DA:169,0
DA:173,0
DA:185,0
DA:197,0
DA:202,0
DA:203,0
DA:208,0
LF:87
LH:0
BRDA:10,0,0,0
BRDA:11,1,0,0
BRDA:11,1,1,0
BRDA:12,2,0,0
BRDA:12,2,1,0
BRDA:13,3,0,0
BRDA:13,3,1,0
BRDA:15,4,0,0
BRDA:15,4,1,0
BRDA:15,5,0,0
BRDA:15,5,1,0
BRDA:18,6,0,0
BRDA:18,7,0,0
BRDA:23,8,0,0
BRDA:25,9,0,0
BRDA:33,10,0,0
BRDA:33,10,1,0
BRDA:43,11,0,0
BRDA:43,11,1,0
BRDA:44,12,0,0
BRDA:44,12,1,0
BRDA:48,13,0,0
BRDA:48,13,1,0
BRDA:48,14,0,0
BRDA:48,14,1,0
BRDA:48,14,2,0
BRDA:49,15,0,0
BRDA:49,15,1,0
BRDA:52,16,0,0
BRDA:52,16,1,0
BRDA:61,17,0,0
BRDA:61,17,1,0
BRDA:66,18,0,0
BRDA:66,18,1,0
BRDA:76,19,0,0
BRDA:76,19,1,0
BRDA:76,20,0,0
BRDA:76,20,1,0
BRDA:89,21,0,0
BRDA:90,22,0,0
BRDA:90,22,1,0
BRDA:91,23,0,0
BRDA:91,23,1,0
BRDA:96,24,0,0
BRDA:96,24,1,0
BRDA:103,25,0,0
BRDA:103,25,1,0
BRDA:106,26,0,0
BRDA:106,26,1,0
BRDA:111,27,0,0
BRDA:111,27,1,0
BRDA:114,28,0,0
BRDA:114,28,1,0
BRDA:114,29,0,0
BRDA:114,29,1,0
BRDA:114,29,2,0
BRDA:115,30,0,0
BRDA:115,30,1,0
BRDA:118,31,0,0
BRDA:118,31,1,0
BRDA:127,32,0,0
BRDA:127,32,1,0
BRDA:132,33,0,0
BRDA:132,33,1,0
BRDA:138,34,0,0
BRDA:138,34,1,0
BRDA:138,35,0,0
BRDA:138,35,1,0
BRDA:154,36,0,0
BRDA:154,36,1,0
BRDA:155,37,0,0
BRDA:155,37,1,0
BRDA:155,38,0,0
BRDA:155,38,1,0
BRDA:158,39,0,0
BRDA:158,39,1,0
BRDA:159,40,0,0
BRDA:159,40,1,0
BRDA:168,41,0,0
BRDA:172,42,0,0
BRDA:184,43,0,0
BRDA:196,44,0,0
BRDA:201,45,0,0
BRF:83
BRH:0
end_of_record
TN:
SF:src/utils/storage.js
FN:6,(anonymous_0)
FN:17,(anonymous_1)
FN:53,(anonymous_2)
FN:78,(anonymous_3)
FN:91,(anonymous_4)
FN:94,(anonymous_5)
FN:110,(anonymous_6)
FN:114,(anonymous_7)
FN:115,(anonymous_8)
FN:127,(anonymous_9)
FN:136,(anonymous_10)
FN:140,(anonymous_11)
FN:155,(anonymous_12)
FN:160,(anonymous_13)
FN:173,(anonymous_14)
FN:191,(anonymous_15)
FN:193,(anonymous_16)
FN:203,(anonymous_17)
FN:204,(anonymous_18)
FN:215,(anonymous_19)
FN:218,(anonymous_20)
FN:222,(anonymous_21)
FN:225,(anonymous_22)
FN:229,(anonymous_23)
FN:232,(anonymous_24)
FN:236,(anonymous_25)
FN:239,(anonymous_26)
FNF:27
FNH:0
FNDA:0,(anonymous_0)
FNDA:0,(anonymous_1)
FNDA:0,(anonymous_2)
FNDA:0,(anonymous_3)
FNDA:0,(anonymous_4)
FNDA:0,(anonymous_5)
FNDA:0,(anonymous_6)
FNDA:0,(anonymous_7)
FNDA:0,(anonymous_8)
FNDA:0,(anonymous_9)
FNDA:0,(anonymous_10)
FNDA:0,(anonymous_11)
FNDA:0,(anonymous_12)
FNDA:0,(anonymous_13)
FNDA:0,(anonymous_14)
FNDA:0,(anonymous_15)
FNDA:0,(anonymous_16)
FNDA:0,(anonymous_17)
FNDA:0,(anonymous_18)
FNDA:0,(anonymous_19)
FNDA:0,(anonymous_20)
FNDA:0,(anonymous_21)
FNDA:0,(anonymous_22)
FNDA:0,(anonymous_23)
FNDA:0,(anonymous_24)
FNDA:0,(anonymous_25)
FNDA:0,(anonymous_26)
DA:7,0
DA:8,0
DA:18,0
DA:19,0
DA:24,0
DA:25,0
DA:27,0
DA:29,0
DA:30,0
DA:32,0
DA:33,0
DA:38,0
DA:40,0
DA:43,0
DA:54,0
DA:55,0
DA:56,0
DA:58,0
DA:59,0
DA:62,0
DA:63,0
DA:64,0
DA:67,0
DA:69,0
DA:70,0
DA:79,0
DA:80,0
DA:81,0
DA:83,0
DA:84,0
DA:92,0
DA:93,0
DA:94,0
DA:95,0
DA:96,0
DA:99,0
DA:101,0
DA:102,0
DA:111,0
DA:112,0
DA:113,0
DA:114,0
DA:115,0
DA:117,0
DA:118,0
DA:128,0
DA:129,0
DA:137,0
DA:138,0
DA:139,0
DA:140,0
DA:141,0
DA:142,0
DA:145,0
DA:147,0
DA:148,0
DA:156,0
DA:157,0
DA:158,0
DA:160,0
DA:161,0
DA:162,0
DA:163,0
DA:164,0
DA:167,0
DA:173,0
DA:176,0
DA:177,0
DA:178,0
DA:181,0
DA:183,0
DA:192,0
DA:193,0
DA:194,0
DA:196,0
DA:204,0
DA:205,0
DA:211,0
DA:214,0
DA:216,0
DA:219,0
DA:223,0
DA:226,0
DA:230,0
DA:233,0
DA:237,0
DA:240,0
LF:87
LH:0
BRDA:6,0,0,0
BRDA:17,1,0,0
BRDA:29,2,0,0
BRDA:29,2,1,0
BRDA:53,3,0,0
BRDA:56,4,0,0
BRDA:56,4,1,0
BRDA:62,5,0,0
BRDA:62,5,1,0
BRDA:95,6,0,0
BRDA:95,6,1,0
BRDA:141,7,0,0
BRDA:141,7,1,0
BRDA:161,8,0,0
BRDA:161,8,1,0
BRF:15
BRH:0
end_of_record
TN:
SF:src/utils/symbolColors.js
FN:71,(anonymous_0)
FN:80,(anonymous_1)
FN:91,(anonymous_2)
FN:105,(anonymous_3)
FNF:4
FNH:0
FNDA:0,(anonymous_0)
FNDA:0,(anonymous_1)
FNDA:0,(anonymous_2)
FNDA:0,(anonymous_3)
DA:15,0
DA:71,0
DA:72,0
DA:80,0
DA:81,0
DA:82,0
DA:91,0
DA:92,0
DA:93,0
DA:105,0
DA:106,0
DA:108,0
DA:109,0
DA:118,0
LF:14
LH:0
BRDA:72,0,0,0
BRDA:72,0,1,0
BRDA:91,1,0,0
BRDA:105,2,0,0
BRDA:108,3,0,0
BRDA:108,3,1,0
BRF:6
BRH:0
end_of_record
TN:
SF:src/utils/themeManager.js
FN:155,(anonymous_0)
FN:166,(anonymous_1)
FN:187,(anonymous_2)
FN:191,(anonymous_3)
FN:207,(anonymous_4)
FN:214,(anonymous_5)
FN:221,(anonymous_6)
FN:245,(anonymous_7)
FN:254,(anonymous_8)
FN:261,(anonymous_9)
FN:268,(anonymous_10)
FN:272,(anonymous_11)
FN:283,(anonymous_12)
FN:284,(anonymous_13)
FN:296,(anonymous_14)
FN:308,(anonymous_15)
FN:327,(anonymous_16)
FN:359,(anonymous_17)
FN:362,(anonymous_18)
FN:364,(anonymous_19)
FN:371,(anonymous_20)
FN:375,(anonymous_21)
FN:379,(anonymous_22)
FNF:23
FNH:0
FNDA:0,(anonymous_0)
FNDA:0,(anonymous_1)
FNDA:0,(anonymous_2)
FNDA:0,(anonymous_3)
FNDA:0,(anonymous_4)
FNDA:0,(anonymous_5)
FNDA:0,(anonymous_6)
FNDA:0,(anonymous_7)
FNDA:0,(anonymous_8)
FNDA:0,(anonymous_9)
FNDA:0,(anonymous_10)
FNDA:0,(anonymous_11)
FNDA:0,(anonymous_12)
FNDA:0,(anonymous_13)
FNDA:0,(anonymous_14)
FNDA:0,(anonymous_15)
FNDA:0,(anonymous_16)
FNDA:0,(anonymous_17)
FNDA:0,(anonymous_18)
FNDA:0,(anonymous_19)
FNDA:0,(anonymous_20)
FNDA:0,(anonymous_21)
FNDA:0,(anonymous_22)
DA:12,0
DA:112,0
DA:156,0
DA:157,0
DA:160,0
DA:168,0
DA:169,0
DA:170,0
DA:171,0
DA:175,0
DA:176,0
DA:177,0
DA:180,0
DA:181,0
DA:188,0
DA:189,0
DA:191,0
DA:192,0
DA:193,0
DA:196,0
DA:197,0
DA:198,0
DA:208,0
DA:215,0
DA:222,0
DA:223,0
DA:224,0
DA:227,0
DA:228,0
DA:231,0
DA:232,0
DA:236,0
DA:239,0
DA:246,0
DA:247,0
DA:248,0
DA:255,0
DA:262,0
DA:269,0
DA:272,0
DA:273,0
DA:274,0
DA:275,0
DA:284,0
DA:285,0
DA:286,0
DA:288,0
DA:297,0
DA:298,0
DA:301,0
DA:302,0
DA:309,0
DA:310,0
DA:328,0
DA:331,0
DA:332,0
DA:333,0
DA:334,0
DA:335,0
DA:338,0
DA:339,0
DA:340,0
DA:341,0
DA:342,0
DA:344,0
DA:349,0
DA:352,0
DA:357,0
DA:359,0
DA:360,0
DA:362,0
DA:364,0
DA:365,0
DA:368,0
DA:371,0
DA:372,0
DA:375,0
DA:376,0
DA:379,0
DA:380,0
DA:383,0
LF:81
LH:0
BRDA:169,0,0,0
BRDA:169,0,1,0
BRDA:175,1,0,0
BRDA:175,1,1,0
BRDA:175,2,0,0
BRDA:175,2,1,0
BRDA:188,3,0,0
BRDA:188,3,1,0
BRDA:192,4,0,0
BRDA:192,4,1,0
BRDA:197,5,0,0
BRDA:197,5,1,0
BRDA:215,6,0,0
BRDA:215,6,1,0
BRDA:221,7,0,0
BRDA:222,8,0,0
BRDA:222,8,1,0
BRDA:222,9,0,0
BRDA:222,9,1,0
BRDA:231,10,0,0
BRDA:231,10,1,0
BRDA:246,11,0,0
BRDA:246,11,1,0
BRDA:274,12,0,0
BRDA:274,12,1,0
BRDA:298,13,0,0
BRDA:298,13,1,0
BRDA:298,14,0,0
BRDA:298,14,1,0
BRDA:339,15,0,0
BRDA:339,15,1,0
BRF:31
BRH:0
end_of_record
TN:
SF:src/utils/validation.js
FN:8,(anonymous_0)
FN:13,(anonymous_1)
FN:17,(anonymous_2)
FN:21,(anonymous_3)
FN:28,(anonymous_4)
FN:32,(anonymous_5)
FN:36,(anonymous_6)
FN:41,(anonymous_7)
FN:46,(anonymous_8)
FN:56,(anonymous_9)
FN:60,(anonymous_10)
FN:64,(anonymous_11)
FN:68,(anonymous_12)
FN:72,(anonymous_13)
FN:81,(anonymous_14)
FN:82,(anonymous_15)
FN:127,(anonymous_16)
FN:133,(anonymous_17)
FN:134,(anonymous_18)
FN:138,(anonymous_19)
FN:139,(anonymous_20)
FN:143,(anonymous_21)
FN:144,(anonymous_22)
FN:167,(anonymous_23)
FN:188,(anonymous_24)
FN:192,(anonymous_25)
FN:197,(anonymous_26)
FN:201,(anonymous_27)
FN:205,(anonymous_28)
FN:209,(anonymous_29)
FNF:30
FNH:0
FNDA:0,(anonymous_0)
FNDA:0,(anonymous_1)
FNDA:0,(anonymous_2)
FNDA:0,(anonymous_3)
FNDA:0,(anonymous_4)
FNDA:0,(anonymous_5)
FNDA:0,(anonymous_6)
FNDA:0,(anonymous_7)
FNDA:0,(anonymous_8)
FNDA:0,(anonymous_9)
FNDA:0,(anonymous_10)
FNDA:0,(anonymous_11)
FNDA:0,(anonymous_12)
FNDA:0,(anonymous_13)
FNDA:0,(anonymous_14)
FNDA:0,(anonymous_15)
FNDA:0,(anonymous_16)
FNDA:0,(anonymous_17)
FNDA:0,(anonymous_18)
FNDA:0,(anonymous_19)
FNDA:0,(anonymous_20)
FNDA:0,(anonymous_21)
FNDA:0,(anonymous_22)
FNDA:0,(anonymous_23)
FNDA:0,(anonymous_24)
FNDA:0,(anonymous_25)
FNDA:0,(anonymous_26)
FNDA:0,(anonymous_27)
FNDA:0,(anonymous_28)
FNDA:0,(anonymous_29)
DA:6,0
DA:9,0
DA:10,0
DA:14,0
DA:18,0
DA:22,0
DA:23,0
DA:24,0
DA:29,0
DA:33,0
DA:37,0
DA:42,0
DA:43,0
DA:47,0
DA:48,0
DA:49,0
DA:51,0
DA:57,0
DA:61,0
DA:65,0
DA:69,0
DA:74,0
DA:81,0
DA:82,0
DA:83,0
DA:84,0
DA:86,0
DA:88,0
DA:89,0
DA:90,0
DA:91,0
DA:94,0
DA:95,0
DA:99,0
DA:106,0
DA:127,0
DA:133,0
DA:134,0
DA:138,0
DA:139,0
DA:143,0
DA:144,0
DA:167,0
DA:168,0
DA:169,0
DA:171,0
DA:172,0
DA:173,0
DA:175,0
DA:176,0
DA:177,0
DA:181,0
DA:187,0
DA:189,0
DA:193,0
DA:194,0
DA:198,0
DA:202,0
DA:206,0
DA:210,0
DA:211,0
DA:212,0
LF:62
LH:0
BRDA:10,0,0,0
BRDA:10,0,1,0
BRDA:14,1,0,0
BRDA:14,1,1,0
BRDA:18,2,0,0
BRDA:18,2,1,0
BRDA:22,3,0,0
BRDA:22,3,1,0
BRDA:24,4,0,0
BRDA:24,4,1,0
BRDA:29,5,0,0
BRDA:29,5,1,0
BRDA:29,5,2,0
BRDA:33,6,0,0
BRDA:33,6,1,0
BRDA:37,7,0,0
BRDA:37,7,1,0
BRDA:68,8,0,0
BRDA:82,9,0,0
BRDA:84,10,0,0
BRDA:88,11,0,0
BRDA:88,11,1,0
BRDA:90,12,0,0
BRDA:90,12,1,0
BRDA:90,13,0,0
BRDA:90,13,1,0
BRDA:94,14,0,0
BRDA:94,14,1,0
BRDA:127,15,0,0
BRDA:134,16,0,0
BRDA:134,16,1,0
BRDA:139,17,0,0
BRDA:139,17,1,0
BRDA:175,18,0,0
BRDA:175,18,1,0
BRDA:189,19,0,0
BRDA:189,19,1,0
BRDA:194,20,0,0
BRDA:194,20,1,0
BRDA:198,21,0,0
BRDA:198,21,1,0
BRDA:202,22,0,0
BRDA:202,22,1,0
BRDA:206,23,0,0
BRDA:206,23,1,0
BRDA:209,24,0,0
BRDA:211,25,0,0
BRDA:211,25,1,0
BRF:48
BRH:0
end_of_record
